#
# A fatal error has been detected by the Java Runtime Environment:
#
#  EXCEPTION_ACCESS_VIOLATION (0xc0000005) at pc=0x00007ffc678cfc6b, pid=7240, tid=11748
#
# JRE version: Java(TM) SE Runtime Environment (11.0.1+13) (build 11.0.1+13-LTS)
# Java VM: Java HotSpot(TM) 64-Bit Server VM (11.0.1+13-LTS, mixed mode, tiered, compressed oops, g1 gc, windows-amd64)
# Problematic frame:
# V  [jvm.dll+0x6bfc6b]
#
# No core dump will be written. Minidumps are not enabled by default on client versions of Windows
#
# If you would like to submit a bug report, please visit:
#   http://bugreport.java.com/bugreport/crash.jsp
#

---------------  S U M M A R Y ------------

Command Line: -agentlib:jdwp=transport=dt_socket,suspend=y,address=localhost:51097 -javaagent:C:\eclipse\configuration\org.eclipse.osgi\409\0\.cp\lib\javaagent-shaded.jar -Dfile.encoding=Cp1252 cursojava.executavel.PrimeiraClasseJava

Host: Intel(R) Core(TM) i5-8265U CPU @ 1.60GHz, 8 cores, 7G,  Windows 10 , 64 bit Build 19041 (10.0.19041.928)
Time: Tue May  4 08:32:50 2021 Hora oficial do Brasil elapsed time: 2993 seconds (0d 0h 49m 53s)

---------------  T H R E A D  ---------------

Current thread (0x0000022f14fb4000):  GCTaskThread "GC Thread#1" [stack: 0x000000d2a5000000,0x000000d2a5100000] [id=11748]

Stack: [0x000000d2a5000000,0x000000d2a5100000],  sp=0x000000d2a50fd610,  free space=1013k
Native frames: (J=compiled Java code, j=interpreted, Vv=VM code, C=native code)
V  [jvm.dll+0x6bfc6b]
V  [jvm.dll+0x344753]
V  [jvm.dll+0x346699]
V  [jvm.dll+0x346f1e]
V  [jvm.dll+0x3443bc]
V  [jvm.dll+0x343662]
V  [jvm.dll+0x62b355]
V  [jvm.dll+0x62bc40]
V  [jvm.dll+0x5f0b89]
V  [jvm.dll+0x2e48d5]
V  [jvm.dll+0x2e4359]
V  [jvm.dll+0x73cdb7]
V  [jvm.dll+0x73d220]
V  [jvm.dll+0x32b8b5]
V  [jvm.dll+0x32b3b8]
V  [jvm.dll+0x2f7bd0]
V  [jvm.dll+0x7ab4e0]
V  [jvm.dll+0x63b2b2]
C  [ucrtbase.dll+0x21bb2]
C  [KERNEL32.DLL+0x17034]
C  [ntdll.dll+0x52651]

JavaThread 0x0000022f748bd000 (nid = 16544) was being processed
Java frames: (J=compiled Java code, j=interpreted, Vv=VM code)
j  java.util.regex.Pattern.closure(Ljava/util/regex/Pattern$Node;)Ljava/util/regex/Pattern$Node;+99 java.base@11.0.1
j  java.util.regex.Pattern.group0()Ljava/util/regex/Pattern$Node;+682 java.base@11.0.1
j  java.util.regex.Pattern.sequence(Ljava/util/regex/Pattern$Node;)Ljava/util/regex/Pattern$Node;+137 java.base@11.0.1
j  java.util.regex.Pattern.expr(Ljava/util/regex/Pattern$Node;)Ljava/util/regex/Pattern$Node;+12 java.base@11.0.1
j  java.util.regex.Pattern.compile()V+222 java.base@11.0.1
j  java.util.regex.Pattern.<init>(Ljava/lang/String;I)V+108 java.base@11.0.1
j  java.util.regex.Pattern.compile(Ljava/lang/String;)Ljava/util/regex/Pattern;+6 java.base@11.0.1
j  java.util.Formatter.<clinit>()V+2 java.base@11.0.1
v  ~StubRoutines::call_stub
j  java.lang.String.format(Ljava/lang/String;[Ljava/lang/Object;)Ljava/lang/String;+0 java.base@11.0.1
j  jdk.internal.util.Preconditions.outOfBoundsMessage(Ljava/lang/String;Ljava/util/List;)Ljava/lang/String;+338 java.base@11.0.1
j  jdk.internal.util.Preconditions.outOfBounds(Ljava/util/function/BiFunction;Ljava/lang/String;[Ljava/lang/Integer;)Ljava/lang/RuntimeException;+37 java.base@11.0.1
j  jdk.internal.util.Preconditions.outOfBoundsCheckIndex(Ljava/util/function/BiFunction;II)Ljava/lang/RuntimeException;+21 java.base@11.0.1
j  jdk.internal.util.Preconditions.checkIndex(IILjava/util/function/BiFunction;)I+12 java.base@11.0.1
j  java.util.Objects.checkIndex(II)I+3 java.base@11.0.1
j  java.util.ArrayList.remove(I)Ljava/lang/Object;+5 java.base@11.0.1
j  cursojava.executavel.PrimeiraClasseJava.main([Ljava/lang/String;)V+167
v  ~StubRoutines::call_stub

siginfo: EXCEPTION_ACCESS_VIOLATION (0xc0000005), reading address 0x0000000000000006


Register to memory mapping:

RIP=0x00007ffc678cfc6b jvm.dll
RAX=0x000000d2a50fd6a0 points into unknown readable memory
RBX=0x000000d2a50fd670 points into unknown readable memory
RCX=0x0 is NULL
RDX=0x0 is NULL
RSP=0x000000d2a50fd610 points into unknown readable memory
RBP=0x000000d2a50fdb80 points into unknown readable memory
RSI=0x0 is NULL
RDI=0x0 is NULL
R8 =0x0 is NULL
R9 =0x0000022f7f54cd40 is pointing into metadata
R10=0x00007ffc67210000 jvm.dll
R11=0x000000d2a50fdad0 points into unknown readable memory
R12=0x0000022f7f884518 points into unknown readable memory
R13=0x0000000000000118 is an unknown value
R14=0x0000022f7f54d4ae is pointing into metadata
R15=0x00000000000000fa is an unknown value


Registers:
RAX=0x000000d2a50fd6a0, RBX=0x000000d2a50fd670, RCX=0x0000000000000000, RDX=0x0000000000000000
RSP=0x000000d2a50fd610, RBP=0x000000d2a50fdb80, RSI=0x0000000000000000, RDI=0x0000000000000000
R8 =0x0000000000000000, R9 =0x0000022f7f54cd40, R10=0x00007ffc67210000, R11=0x000000d2a50fdad0
R12=0x0000022f7f884518, R13=0x0000000000000118, R14=0x0000022f7f54d4ae, R15=0x00000000000000fa
RIP=0x00007ffc678cfc6b, EFLAGS=0x0000000000010246

Top of Stack: (sp=0x000000d2a50fd610)
0x000000d2a50fd610:   000000d2a50fd670 0000000000000000
0x000000d2a50fd620:   0000000000000000 0000000000000000
0x000000d2a50fd630:   0000000000000000 00007ffc67554753
0x000000d2a50fd640:   0000000000000000 000000d2a50fdcf0
0x000000d2a50fd650:   0000000000000000 0000000000000000
0x000000d2a50fd660:   0000000000000000 0000000000000000
0x000000d2a50fd670:   00007ffc67aa5c08 0000000000000000
0x000000d2a50fd680:   0000000000000000 000000000000000c
0x000000d2a50fd690:   000000d2a50fd6a0 0000000000000000
0x000000d2a50fd6a0:   00000000460000f3 0000000000000000
0x000000d2a50fd6b0:   4fffffff4fffffff 2fffffff2fffffff
0x000000d2a50fd6c0:   2fffffff4fffffff 2fffffff2fffffff
0x000000d2a50fd6d0:   0000000000000000 0000000000000000
0x000000d2a50fd6e0:   0000000000000000 0000000000000000
0x000000d2a50fd6f0:   0000000000000000 00007ffc678d00f8
0x000000d2a50fd700:   0000000000000000 0000000000000000 

Instructions: (pc=0x00007ffc678cfc6b)
0x00007ffc678cfc4b:   cc cc cc cc cc 40 53 48 83 ec 20 c7 41 10 00 00
0x00007ffc678cfc5b:   00 00 48 8b d9 48 89 7c 24 38 48 8b 79 08 33 c9
0x00007ffc678cfc6b:   80 7f 06 28 74 26 44 8d 49 28 8d 51 35 48 8d 0d
0x00007ffc678cfc7b:   b1 45 22 00 4c 8d 05 9a 45 22 00 e8 85 28 ba ff 



---------------  P R O C E S S  ---------------

Threads class SMR info:
_java_thread_list=0x0000022f17539800, length=16, elements={
0x0000022f748bd000, 0x0000022f7ed16800, 0x0000022f7ed44000, 0x0000022f7ed53800,
0x0000022f7ed55000, 0x0000022f7ed59000, 0x0000022f7ed66000, 0x0000022f7ed6b000,
0x0000022f7ecd1000, 0x0000022f7f9aa000, 0x0000022f7f9b0800, 0x0000022f7fa31800,
0x0000022f7f9f5000, 0x0000022f151c5800, 0x0000022f151b6800, 0x0000022f1569d800
}

Java Threads: ( => current thread )
  0x0000022f748bd000 JavaThread "main" [_thread_blocked, id=16544, stack(0x000000d2a5300000,0x000000d2a5400000)]
  0x0000022f7ed16800 JavaThread "Reference Handler" daemon [_thread_blocked, id=11764, stack(0x000000d2a5a00000,0x000000d2a5b00000)]
  0x0000022f7ed44000 JavaThread "Finalizer" daemon [_thread_blocked, id=15980, stack(0x000000d2a5b00000,0x000000d2a5c00000)]
  0x0000022f7ed53800 JavaThread "Signal Dispatcher" daemon [_thread_blocked, id=11324, stack(0x000000d2a5c00000,0x000000d2a5d00000)]
  0x0000022f7ed55000 JavaThread "Attach Listener" daemon [_thread_blocked, id=7708, stack(0x000000d2a5d00000,0x000000d2a5e00000)]
  0x0000022f7ed59000 JavaThread "C2 CompilerThread0" daemon [_thread_blocked, id=17560, stack(0x000000d2a5e00000,0x000000d2a5f00000)]
  0x0000022f7ed66000 JavaThread "C1 CompilerThread0" daemon [_thread_blocked, id=6908, stack(0x000000d2a5f00000,0x000000d2a6000000)]
  0x0000022f7ed6b000 JavaThread "Sweeper thread" daemon [_thread_blocked, id=16664, stack(0x000000d2a6000000,0x000000d2a6100000)]
  0x0000022f7ecd1000 JavaThread "Common-Cleaner" daemon [_thread_blocked, id=7652, stack(0x000000d2a6100000,0x000000d2a6200000)]
  0x0000022f7f9aa000 JavaThread "JDWP Transport Listener: dt_socket" daemon [_thread_blocked, id=16564, stack(0x000000d2a6300000,0x000000d2a6400000)]
  0x0000022f7f9b0800 JavaThread "JDWP Event Helper Thread" daemon [_thread_blocked, id=13992, stack(0x000000d2a6400000,0x000000d2a6500000)]
  0x0000022f7fa31800 JavaThread "JDWP Command Reader" daemon [_thread_in_native, id=10056, stack(0x000000d2a6500000,0x000000d2a6600000)]
  0x0000022f7f9f5000 JavaThread "Service Thread" daemon [_thread_blocked, id=11072, stack(0x000000d2a6200000,0x000000d2a6300000)]
  0x0000022f151c5800 JavaThread "Java2D Disposer" daemon [_thread_blocked, id=10992, stack(0x000000d2a6700000,0x000000d2a6800000)]
  0x0000022f151b6800 JavaThread "AWT-Windows" daemon [_thread_in_native, id=12508, stack(0x000000d2a6900000,0x000000d2a6a00000)]
  0x0000022f1569d800 JavaThread "TimerQueue" daemon [_thread_blocked, id=18008, stack(0x000000d2a7000000,0x000000d2a7100000)]

Other Threads:
  0x0000022f7ed14000 VMThread "VM Thread" [stack: 0x000000d2a5900000,0x000000d2a5a00000] [id=13552]
  0x0000022f7f9f6000 WatcherThread [stack: 0x000000d2a6600000,0x000000d2a6700000] [id=1792]
  0x0000022f748d6000 GCTaskThread "GC Thread#0" [stack: 0x000000d2a5400000,0x000000d2a5500000] [id=9536]
=>0x0000022f14fb4000 GCTaskThread "GC Thread#1" [stack: 0x000000d2a5000000,0x000000d2a5100000] [id=11748]
  0x0000022f14fb5000 GCTaskThread "GC Thread#2" [stack: 0x000000d2a5100000,0x000000d2a5200000] [id=1436]
  0x0000022f74909000 ConcurrentGCThread "G1 Main Marker" [stack: 0x000000d2a5500000,0x000000d2a5600000] [id=496]
  0x0000022f7490b000 ConcurrentGCThread "G1 Conc#0" [stack: 0x000000d2a5600000,0x000000d2a5700000] [id=8328]
  0x0000022f7499e000 ConcurrentGCThread "G1 Refine#0" [stack: 0x000000d2a5700000,0x000000d2a5800000] [id=6504]
  0x0000022f7eb82800 ConcurrentGCThread "G1 Young RemSet Sampling" [stack: 0x000000d2a5800000,0x000000d2a5900000] [id=10848]

Threads with active compile tasks:

VM state:at safepoint (normal execution)

VM Mutex/Monitor currently owned by a thread:  ([mutex/lock_event])
[0x0000022f748bbe70] Threads_lock - owner thread: 0x0000022f7ed14000
[0x0000022f748bc4a0] Heap_lock - owner thread: 0x0000022f748bd000

Heap address: 0x0000000081a00000, size: 2022 MB, Compressed Oops mode: 32-bit
Narrow klass base: 0x0000000000000000, Narrow klass shift: 3
Compressed class space size: 1073741824 Address: 0x0000000100000000

Heap:
 garbage-first heap   total 131072K, used 24576K [0x0000000081a00000, 0x0000000100000000)
  region size 1024K, 27 young (27648K), 3 survivors (3072K)
 Metaspace       used 18866K, capacity 19304K, committed 19328K, reserved 1067008K
  class space    used 1956K, capacity 2160K, committed 2176K, reserved 1048576K
Heap Regions: E=young(eden), S=young(survivor), O=old, HS=humongous(starts), HC=humongous(continues), CS=collection set, F=free, A=archive, TAMS=top-at-mark-start (previous, next)
|   0|0x0000000081a00000, 0x0000000081a00000, 0x0000000081b00000|  0%| F|  |TAMS 0x0000000081a00000, 0x0000000081a00000| Untracked 
|   1|0x0000000081b00000, 0x0000000081b00000, 0x0000000081c00000|  0%| F|  |TAMS 0x0000000081b00000, 0x0000000081b00000| Untracked 
|   2|0x0000000081c00000, 0x0000000081c00000, 0x0000000081d00000|  0%| F|  |TAMS 0x0000000081c00000, 0x0000000081c00000| Untracked 
|   3|0x0000000081d00000, 0x0000000081d00000, 0x0000000081e00000|  0%| F|  |TAMS 0x0000000081d00000, 0x0000000081d00000| Untracked 
|   4|0x0000000081e00000, 0x0000000081e00000, 0x0000000081f00000|  0%| F|  |TAMS 0x0000000081e00000, 0x0000000081e00000| Untracked 
|   5|0x0000000081f00000, 0x0000000081f00000, 0x0000000082000000|  0%| F|  |TAMS 0x0000000081f00000, 0x0000000081f00000| Untracked 
|   6|0x0000000082000000, 0x0000000082000000, 0x0000000082100000|  0%| F|  |TAMS 0x0000000082000000, 0x0000000082000000| Untracked 
|   7|0x0000000082100000, 0x0000000082100000, 0x0000000082200000|  0%| F|  |TAMS 0x0000000082100000, 0x0000000082100000| Untracked 
|   8|0x0000000082200000, 0x0000000082200000, 0x0000000082300000|  0%| F|  |TAMS 0x0000000082200000, 0x0000000082200000| Untracked 
|   9|0x0000000082300000, 0x0000000082300000, 0x0000000082400000|  0%| F|  |TAMS 0x0000000082300000, 0x0000000082300000| Untracked 
|  10|0x0000000082400000, 0x0000000082400000, 0x0000000082500000|  0%| F|  |TAMS 0x0000000082400000, 0x0000000082400000| Untracked 
|  11|0x0000000082500000, 0x0000000082500000, 0x0000000082600000|  0%| F|  |TAMS 0x0000000082500000, 0x0000000082500000| Untracked 
|  12|0x0000000082600000, 0x0000000082600000, 0x0000000082700000|  0%| F|  |TAMS 0x0000000082600000, 0x0000000082600000| Untracked 
|  13|0x0000000082700000, 0x0000000082700000, 0x0000000082800000|  0%| F|  |TAMS 0x0000000082700000, 0x0000000082700000| Untracked 
|  14|0x0000000082800000, 0x0000000082800000, 0x0000000082900000|  0%| F|  |TAMS 0x0000000082800000, 0x0000000082800000| Untracked 
|  15|0x0000000082900000, 0x0000000082900000, 0x0000000082a00000|  0%| F|  |TAMS 0x0000000082900000, 0x0000000082900000| Untracked 
|  16|0x0000000082a00000, 0x0000000082a00000, 0x0000000082b00000|  0%| F|  |TAMS 0x0000000082a00000, 0x0000000082a00000| Untracked 
|  17|0x0000000082b00000, 0x0000000082b00000, 0x0000000082c00000|  0%| F|  |TAMS 0x0000000082b00000, 0x0000000082b00000| Untracked 
|  18|0x0000000082c00000, 0x0000000082c00000, 0x0000000082d00000|  0%| F|  |TAMS 0x0000000082c00000, 0x0000000082c00000| Untracked 
|  19|0x0000000082d00000, 0x0000000082d00000, 0x0000000082e00000|  0%| F|  |TAMS 0x0000000082d00000, 0x0000000082d00000| Untracked 
|  20|0x0000000082e00000, 0x0000000082e00000, 0x0000000082f00000|  0%| F|  |TAMS 0x0000000082e00000, 0x0000000082e00000| Untracked 
|  21|0x0000000082f00000, 0x0000000082f00000, 0x0000000083000000|  0%| F|  |TAMS 0x0000000082f00000, 0x0000000082f00000| Untracked 
|  22|0x0000000083000000, 0x0000000083000000, 0x0000000083100000|  0%| F|  |TAMS 0x0000000083000000, 0x0000000083000000| Untracked 
|  23|0x0000000083100000, 0x0000000083100000, 0x0000000083200000|  0%| F|  |TAMS 0x0000000083100000, 0x0000000083100000| Untracked 
|  24|0x0000000083200000, 0x0000000083200000, 0x0000000083300000|  0%| F|  |TAMS 0x0000000083200000, 0x0000000083200000| Untracked 
|  25|0x0000000083300000, 0x0000000083300000, 0x0000000083400000|  0%| F|  |TAMS 0x0000000083300000, 0x0000000083300000| Untracked 
|  26|0x0000000083400000, 0x0000000083400000, 0x0000000083500000|  0%| F|  |TAMS 0x0000000083400000, 0x0000000083400000| Untracked 
|  27|0x0000000083500000, 0x0000000083500000, 0x0000000083600000|  0%| F|  |TAMS 0x0000000083500000, 0x0000000083500000| Untracked 
|  28|0x0000000083600000, 0x0000000083600000, 0x0000000083700000|  0%| F|  |TAMS 0x0000000083600000, 0x0000000083600000| Untracked 
|  29|0x0000000083700000, 0x0000000083700000, 0x0000000083800000|  0%| F|  |TAMS 0x0000000083700000, 0x0000000083700000| Untracked 
|  30|0x0000000083800000, 0x0000000083800000, 0x0000000083900000|  0%| F|  |TAMS 0x0000000083800000, 0x0000000083800000| Untracked 
|  31|0x0000000083900000, 0x0000000083900000, 0x0000000083a00000|  0%| F|  |TAMS 0x0000000083900000, 0x0000000083900000| Untracked 
|  32|0x0000000083a00000, 0x0000000083a00000, 0x0000000083b00000|  0%| F|  |TAMS 0x0000000083a00000, 0x0000000083a00000| Untracked 
|  33|0x0000000083b00000, 0x0000000083b00000, 0x0000000083c00000|  0%| F|  |TAMS 0x0000000083b00000, 0x0000000083b00000| Untracked 
|  34|0x0000000083c00000, 0x0000000083c00000, 0x0000000083d00000|  0%| F|  |TAMS 0x0000000083c00000, 0x0000000083c00000| Untracked 
|  35|0x0000000083d00000, 0x0000000083d00000, 0x0000000083e00000|  0%| F|  |TAMS 0x0000000083d00000, 0x0000000083d00000| Untracked 
|  36|0x0000000083e00000, 0x0000000083e00000, 0x0000000083f00000|  0%| F|  |TAMS 0x0000000083e00000, 0x0000000083e00000| Untracked 
|  37|0x0000000083f00000, 0x0000000083f00000, 0x0000000084000000|  0%| F|  |TAMS 0x0000000083f00000, 0x0000000083f00000| Untracked 
|  38|0x0000000084000000, 0x0000000084000000, 0x0000000084100000|  0%| F|  |TAMS 0x0000000084000000, 0x0000000084000000| Untracked 
|  39|0x0000000084100000, 0x0000000084100000, 0x0000000084200000|  0%| F|  |TAMS 0x0000000084100000, 0x0000000084100000| Untracked 
|  40|0x0000000084200000, 0x0000000084200000, 0x0000000084300000|  0%| F|  |TAMS 0x0000000084200000, 0x0000000084200000| Untracked 
|  41|0x0000000084300000, 0x0000000084300000, 0x0000000084400000|  0%| F|  |TAMS 0x0000000084300000, 0x0000000084300000| Untracked 
|  42|0x0000000084400000, 0x0000000084400000, 0x0000000084500000|  0%| F|  |TAMS 0x0000000084400000, 0x0000000084400000| Untracked 
|  43|0x0000000084500000, 0x0000000084500000, 0x0000000084600000|  0%| F|  |TAMS 0x0000000084500000, 0x0000000084500000| Untracked 
|  44|0x0000000084600000, 0x0000000084600000, 0x0000000084700000|  0%| F|  |TAMS 0x0000000084600000, 0x0000000084600000| Untracked 
|  45|0x0000000084700000, 0x0000000084700000, 0x0000000084800000|  0%| F|  |TAMS 0x0000000084700000, 0x0000000084700000| Untracked 
|  46|0x0000000084800000, 0x0000000084800000, 0x0000000084900000|  0%| F|  |TAMS 0x0000000084800000, 0x0000000084800000| Untracked 
|  47|0x0000000084900000, 0x0000000084900000, 0x0000000084a00000|  0%| F|  |TAMS 0x0000000084900000, 0x0000000084900000| Untracked 
|  48|0x0000000084a00000, 0x0000000084a00000, 0x0000000084b00000|  0%| F|  |TAMS 0x0000000084a00000, 0x0000000084a00000| Untracked 
|  49|0x0000000084b00000, 0x0000000084b00000, 0x0000000084c00000|  0%| F|  |TAMS 0x0000000084b00000, 0x0000000084b00000| Untracked 
|  50|0x0000000084c00000, 0x0000000084c00000, 0x0000000084d00000|  0%| F|  |TAMS 0x0000000084c00000, 0x0000000084c00000| Untracked 
|  51|0x0000000084d00000, 0x0000000084d00000, 0x0000000084e00000|  0%| F|  |TAMS 0x0000000084d00000, 0x0000000084d00000| Untracked 
|  52|0x0000000084e00000, 0x0000000084e00000, 0x0000000084f00000|  0%| F|  |TAMS 0x0000000084e00000, 0x0000000084e00000| Untracked 
|  53|0x0000000084f00000, 0x0000000084f00000, 0x0000000085000000|  0%| F|  |TAMS 0x0000000084f00000, 0x0000000084f00000| Untracked 
|  54|0x0000000085000000, 0x0000000085000000, 0x0000000085100000|  0%| F|  |TAMS 0x0000000085000000, 0x0000000085000000| Untracked 
|  55|0x0000000085100000, 0x0000000085100000, 0x0000000085200000|  0%| F|  |TAMS 0x0000000085100000, 0x0000000085100000| Untracked 
|  56|0x0000000085200000, 0x0000000085200000, 0x0000000085300000|  0%| F|  |TAMS 0x0000000085200000, 0x0000000085200000| Untracked 
|  57|0x0000000085300000, 0x0000000085300000, 0x0000000085400000|  0%| F|  |TAMS 0x0000000085300000, 0x0000000085300000| Untracked 
|  58|0x0000000085400000, 0x0000000085400000, 0x0000000085500000|  0%| F|  |TAMS 0x0000000085400000, 0x0000000085400000| Untracked 
|  59|0x0000000085500000, 0x0000000085500000, 0x0000000085600000|  0%| F|  |TAMS 0x0000000085500000, 0x0000000085500000| Untracked 
|  60|0x0000000085600000, 0x0000000085600000, 0x0000000085700000|  0%| F|  |TAMS 0x0000000085600000, 0x0000000085600000| Untracked 
|  61|0x0000000085700000, 0x0000000085700000, 0x0000000085800000|  0%| F|  |TAMS 0x0000000085700000, 0x0000000085700000| Untracked 
|  62|0x0000000085800000, 0x0000000085800000, 0x0000000085900000|  0%| F|  |TAMS 0x0000000085800000, 0x0000000085800000| Untracked 
|  63|0x0000000085900000, 0x0000000085900000, 0x0000000085a00000|  0%| F|  |TAMS 0x0000000085900000, 0x0000000085900000| Untracked 
|  64|0x0000000085a00000, 0x0000000085a00000, 0x0000000085b00000|  0%| F|  |TAMS 0x0000000085a00000, 0x0000000085a00000| Untracked 
|  65|0x0000000085b00000, 0x0000000085b00000, 0x0000000085c00000|  0%| F|  |TAMS 0x0000000085b00000, 0x0000000085b00000| Untracked 
|  66|0x0000000085c00000, 0x0000000085c00000, 0x0000000085d00000|  0%| F|  |TAMS 0x0000000085c00000, 0x0000000085c00000| Untracked 
|  67|0x0000000085d00000, 0x0000000085d00000, 0x0000000085e00000|  0%| F|  |TAMS 0x0000000085d00000, 0x0000000085d00000| Untracked 
|  68|0x0000000085e00000, 0x0000000085e00000, 0x0000000085f00000|  0%| F|  |TAMS 0x0000000085e00000, 0x0000000085e00000| Untracked 
|  69|0x0000000085f00000, 0x0000000085f00000, 0x0000000086000000|  0%| F|  |TAMS 0x0000000085f00000, 0x0000000085f00000| Untracked 
|  70|0x0000000086000000, 0x0000000086000000, 0x0000000086100000|  0%| F|  |TAMS 0x0000000086000000, 0x0000000086000000| Untracked 
|  71|0x0000000086100000, 0x0000000086100000, 0x0000000086200000|  0%| F|  |TAMS 0x0000000086100000, 0x0000000086100000| Untracked 
|  72|0x0000000086200000, 0x0000000086200000, 0x0000000086300000|  0%| F|  |TAMS 0x0000000086200000, 0x0000000086200000| Untracked 
|  73|0x0000000086300000, 0x0000000086300000, 0x0000000086400000|  0%| F|  |TAMS 0x0000000086300000, 0x0000000086300000| Untracked 
|  74|0x0000000086400000, 0x0000000086400000, 0x0000000086500000|  0%| F|  |TAMS 0x0000000086400000, 0x0000000086400000| Untracked 
|  75|0x0000000086500000, 0x0000000086500000, 0x0000000086600000|  0%| F|  |TAMS 0x0000000086500000, 0x0000000086500000| Untracked 
|  76|0x0000000086600000, 0x0000000086600000, 0x0000000086700000|  0%| F|  |TAMS 0x0000000086600000, 0x0000000086600000| Untracked 
|  77|0x0000000086700000, 0x0000000086700000, 0x0000000086800000|  0%| F|  |TAMS 0x0000000086700000, 0x0000000086700000| Untracked 
|  78|0x0000000086800000, 0x0000000086800000, 0x0000000086900000|  0%| F|  |TAMS 0x0000000086800000, 0x0000000086800000| Untracked 
|  79|0x0000000086900000, 0x0000000086900000, 0x0000000086a00000|  0%| F|  |TAMS 0x0000000086900000, 0x0000000086900000| Untracked 
|  80|0x0000000086a00000, 0x0000000086a00000, 0x0000000086b00000|  0%| F|  |TAMS 0x0000000086a00000, 0x0000000086a00000| Untracked 
|  81|0x0000000086b00000, 0x0000000086b00000, 0x0000000086c00000|  0%| F|  |TAMS 0x0000000086b00000, 0x0000000086b00000| Untracked 
|  82|0x0000000086c00000, 0x0000000086c00000, 0x0000000086d00000|  0%| F|  |TAMS 0x0000000086c00000, 0x0000000086c00000| Untracked 
|  83|0x0000000086d00000, 0x0000000086d00000, 0x0000000086e00000|  0%| F|  |TAMS 0x0000000086d00000, 0x0000000086d00000| Untracked 
|  84|0x0000000086e00000, 0x0000000086e00000, 0x0000000086f00000|  0%| F|  |TAMS 0x0000000086e00000, 0x0000000086e00000| Untracked 
|  85|0x0000000086f00000, 0x0000000086f00000, 0x0000000087000000|  0%| F|  |TAMS 0x0000000086f00000, 0x0000000086f00000| Untracked 
|  86|0x0000000087000000, 0x0000000087000000, 0x0000000087100000|  0%| F|  |TAMS 0x0000000087000000, 0x0000000087000000| Untracked 
|  87|0x0000000087100000, 0x0000000087100000, 0x0000000087200000|  0%| F|  |TAMS 0x0000000087100000, 0x0000000087100000| Untracked 
|  88|0x0000000087200000, 0x0000000087200000, 0x0000000087300000|  0%| F|  |TAMS 0x0000000087200000, 0x0000000087200000| Untracked 
|  89|0x0000000087300000, 0x0000000087300000, 0x0000000087400000|  0%| F|  |TAMS 0x0000000087300000, 0x0000000087300000| Untracked 
|  90|0x0000000087400000, 0x0000000087400000, 0x0000000087500000|  0%| F|  |TAMS 0x0000000087400000, 0x0000000087400000| Untracked 
|  91|0x0000000087500000, 0x0000000087500000, 0x0000000087600000|  0%| F|  |TAMS 0x0000000087500000, 0x0000000087500000| Untracked 
|  92|0x0000000087600000, 0x0000000087600000, 0x0000000087700000|  0%| F|  |TAMS 0x0000000087600000, 0x0000000087600000| Untracked 
|  93|0x0000000087700000, 0x0000000087700000, 0x0000000087800000|  0%| F|  |TAMS 0x0000000087700000, 0x0000000087700000| Untracked 
|  94|0x0000000087800000, 0x0000000087800000, 0x0000000087900000|  0%| F|  |TAMS 0x0000000087800000, 0x0000000087800000| Untracked 
|  95|0x0000000087900000, 0x0000000087900000, 0x0000000087a00000|  0%| F|  |TAMS 0x0000000087900000, 0x0000000087900000| Untracked 
|  96|0x0000000087a00000, 0x0000000087a00000, 0x0000000087b00000|  0%| F|  |TAMS 0x0000000087a00000, 0x0000000087a00000| Untracked 
|  97|0x0000000087b00000, 0x0000000087b00000, 0x0000000087c00000|  0%| F|  |TAMS 0x0000000087b00000, 0x0000000087b00000| Untracked 
|  98|0x0000000087c00000, 0x0000000087c00000, 0x0000000087d00000|  0%| F|  |TAMS 0x0000000087c00000, 0x0000000087c00000| Untracked 
|  99|0x0000000087d00000, 0x0000000087d00000, 0x0000000087e00000|  0%| F|  |TAMS 0x0000000087d00000, 0x0000000087d00000| Untracked 
| 100|0x0000000087e00000, 0x0000000087e00000, 0x0000000087f00000|  0%| F|  |TAMS 0x0000000087e00000, 0x0000000087e00000| Untracked 
| 101|0x0000000087f00000, 0x0000000087fbca20, 0x0000000088000000| 73%| S|  |TAMS 0x0000000087f00000, 0x0000000087f00000| Complete 
| 102|0x0000000088000000, 0x0000000088100000, 0x0000000088100000|100%| S|  |TAMS 0x0000000088000000, 0x0000000088000000| Complete 
| 103|0x0000000088100000, 0x0000000088200000, 0x0000000088200000|100%| S|  |TAMS 0x0000000088100000, 0x0000000088100000| Complete 
| 104|0x0000000088200000, 0x0000000088300000, 0x0000000088300000|100%| E|CS|TAMS 0x0000000088200000, 0x0000000088200000| Complete 
| 105|0x0000000088300000, 0x0000000088400000, 0x0000000088400000|100%| E|CS|TAMS 0x0000000088300000, 0x0000000088300000| Complete 
| 106|0x0000000088400000, 0x0000000088500000, 0x0000000088500000|100%| E|CS|TAMS 0x0000000088400000, 0x0000000088400000| Complete 
| 107|0x0000000088500000, 0x0000000088600000, 0x0000000088600000|100%| E|CS|TAMS 0x0000000088500000, 0x0000000088500000| Complete 
| 108|0x0000000088600000, 0x0000000088700000, 0x0000000088700000|100%| E|CS|TAMS 0x0000000088600000, 0x0000000088600000| Complete 
| 109|0x0000000088700000, 0x0000000088800000, 0x0000000088800000|100%| E|CS|TAMS 0x0000000088700000, 0x0000000088700000| Complete 
| 110|0x0000000088800000, 0x0000000088900000, 0x0000000088900000|100%| E|CS|TAMS 0x0000000088800000, 0x0000000088800000| Complete 
| 111|0x0000000088900000, 0x0000000088a00000, 0x0000000088a00000|100%| E|CS|TAMS 0x0000000088900000, 0x0000000088900000| Complete 
| 112|0x0000000088a00000, 0x0000000088b00000, 0x0000000088b00000|100%| E|CS|TAMS 0x0000000088a00000, 0x0000000088a00000| Complete 
| 113|0x0000000088b00000, 0x0000000088c00000, 0x0000000088c00000|100%| E|CS|TAMS 0x0000000088b00000, 0x0000000088b00000| Complete 
| 114|0x0000000088c00000, 0x0000000088d00000, 0x0000000088d00000|100%| E|CS|TAMS 0x0000000088c00000, 0x0000000088c00000| Complete 
| 115|0x0000000088d00000, 0x0000000088e00000, 0x0000000088e00000|100%| E|CS|TAMS 0x0000000088d00000, 0x0000000088d00000| Complete 
| 116|0x0000000088e00000, 0x0000000088f00000, 0x0000000088f00000|100%| E|CS|TAMS 0x0000000088e00000, 0x0000000088e00000| Complete 
| 117|0x0000000088f00000, 0x0000000089000000, 0x0000000089000000|100%| E|CS|TAMS 0x0000000088f00000, 0x0000000088f00000| Complete 
| 118|0x0000000089000000, 0x0000000089100000, 0x0000000089100000|100%| E|CS|TAMS 0x0000000089000000, 0x0000000089000000| Complete 
| 119|0x0000000089100000, 0x0000000089200000, 0x0000000089200000|100%| E|CS|TAMS 0x0000000089100000, 0x0000000089100000| Complete 
| 120|0x0000000089200000, 0x0000000089300000, 0x0000000089300000|100%| E|CS|TAMS 0x0000000089200000, 0x0000000089200000| Complete 
| 121|0x0000000089300000, 0x0000000089400000, 0x0000000089400000|100%| E|CS|TAMS 0x0000000089300000, 0x0000000089300000| Complete 
| 122|0x0000000089400000, 0x0000000089500000, 0x0000000089500000|100%| E|CS|TAMS 0x0000000089400000, 0x0000000089400000| Complete 
| 123|0x0000000089500000, 0x0000000089600000, 0x0000000089600000|100%| E|CS|TAMS 0x0000000089500000, 0x0000000089500000| Complete 
| 124|0x0000000089600000, 0x0000000089700000, 0x0000000089700000|100%| E|CS|TAMS 0x0000000089600000, 0x0000000089600000| Complete 
| 125|0x0000000089700000, 0x0000000089800000, 0x0000000089800000|100%| E|CS|TAMS 0x0000000089700000, 0x0000000089700000| Complete 
| 126|0x0000000089800000, 0x0000000089900000, 0x0000000089900000|100%| E|CS|TAMS 0x0000000089800000, 0x0000000089800000| Complete 
| 127|0x0000000089900000, 0x0000000089a00000, 0x0000000089a00000|100%| E|CS|TAMS 0x0000000089900000, 0x0000000089900000| Complete 

Card table byte_map: [0x0000022f7da60000,0x0000022f7de60000] _byte_map_base: 0x0000022f7d653000

Marking Bits (Prev, Next): (CMBitMap*) 0x0000022f74900618, (CMBitMap*) 0x0000022f74900650
 Prev Bits: [0x0000022f0f000000, 0x0000022f10f98000)
 Next Bits: [0x0000022f10fa0000, 0x0000022f12f38000)

Polling page: 0x0000022f72fe0000

Metaspace:

Usage:
  Non-class:     16.74 MB capacity,    16.51 MB ( 99%) used,   184.10 KB (  1%) free+waste,    49.81 KB ( <1%) overhead. 
      Class:      2.11 MB capacity,     1.91 MB ( 91%) used,   177.79 KB (  8%) free+waste,    25.31 KB (  1%) overhead. 
       Both:     18.85 MB capacity,    18.42 MB ( 98%) used,   361.89 KB (  2%) free+waste,    75.13 KB ( <1%) overhead. 

Virtual space:
  Non-class space:       18.00 MB reserved,      16.75 MB ( 93%) committed 
      Class space:        1.00 GB reserved,       2.13 MB ( <1%) committed 
             Both:        1.02 GB reserved,      18.88 MB (  2%) committed 

Chunk freelists:
   Non-Class:  1.00 KB
       Class:  2.00 KB
        Both:  3.00 KB

CodeHeap 'non-profiled nmethods': size=120000Kb used=602Kb max_used=602Kb free=119397Kb
 bounds [0x0000022f07ad0000, 0x0000022f07d40000, 0x0000022f0f000000]
CodeHeap 'profiled nmethods': size=120000Kb used=3633Kb max_used=3633Kb free=116366Kb
 bounds [0x0000022f005a0000, 0x0000022f00930000, 0x0000022f07ad0000]
CodeHeap 'non-nmethods': size=5760Kb used=1305Kb max_used=1319Kb free=4454Kb
 bounds [0x0000022f00000000, 0x0000022f00270000, 0x0000022f005a0000]
 total_blobs=2782 nmethods=1803 adapters=514
 compilation: enabled
              stopped_count=0, restarted_count=0
 full_count=0

Compilation events (10 events):
Event: 2990.390 Thread 0x0000022f7ed66000 1912       3       java.awt.Graphics2D::<init> (5 bytes)
Event: 2990.390 Thread 0x0000022f7ed66000 nmethod 1912 0x0000022f00929610 code [0x0000022f009297e0, 0x0000022f009299f8]
Event: 2990.390 Thread 0x0000022f7ed66000 1913       3       java.awt.Graphics::<init> (5 bytes)
Event: 2990.390 Thread 0x0000022f7ed66000 nmethod 1913 0x0000022f00929b10 code [0x0000022f00929cc0, 0x0000022f00929e78]
Event: 2990.390 Thread 0x0000022f7ed66000 1914       3       sun.java2d.SunGraphics2D::getDefaultTransform (24 bytes)
Event: 2990.390 Thread 0x0000022f7ed66000 nmethod 1914 0x0000022f00929f90 code [0x0000022f0092a180, 0x0000022f0092a680]
Event: 2990.390 Thread 0x0000022f7ed66000 1915       3       sun.java2d.SunGraphics2D::getDeviceConfiguration (8 bytes)
Event: 2990.390 Thread 0x0000022f7ed66000 nmethod 1915 0x0000022f0092a810 code [0x0000022f0092a9e0, 0x0000022f0092ac10]
Event: 2990.474 Thread 0x0000022f7ed66000 1916   !   3       java.awt.DefaultKeyboardFocusManager::typeAheadAssertions (352 bytes)
Event: 2990.477 Thread 0x0000022f7ed66000 nmethod 1916 0x0000022f0092ad10 code [0x0000022f0092b200, 0x0000022f0092e020]

GC Heap History (1 events):
Event: 2992.778 GC heap before
{Heap before GC invocations=0 (full 0):
 garbage-first heap   total 131072K, used 23552K [0x0000000081a00000, 0x0000000100000000)
  region size 1024K, 24 young (24576K), 0 survivors (0K)
 Metaspace       used 18866K, capacity 19304K, committed 19328K, reserved 1067008K
  class space    used 1956K, capacity 2160K, committed 2176K, reserved 1048576K
}

Deoptimization events (9 events):
Event: 0.332 Thread 0x0000022f748bd000 Uncommon trap: reason=unstable_if action=reinterpret pc=0x0000022f07adf1f8 method=java.lang.String.isLatin1()Z @ 10 c2
Event: 0.554 Thread 0x0000022f748bd000 Uncommon trap: reason=unstable_if action=reinterpret pc=0x0000022f07ad517c method=java.lang.String.isLatin1()Z @ 10 c2
Event: 0.555 Thread 0x0000022f748bd000 Uncommon trap: reason=unstable_if action=reinterpret pc=0x0000022f07ade870 method=java.util.HashMap.putVal(ILjava/lang/Object;Ljava/lang/Object;ZZ)Ljava/lang/Object; @ 181 c2
Event: 0.629 Thread 0x0000022f151b6800 Uncommon trap: reason=unstable_if action=reinterpret pc=0x0000022f07b24b48 method=java.util.HashMap.putVal(ILjava/lang/Object;Ljava/lang/Object;ZZ)Ljava/lang/Object; @ 81 c2
Event: 4.508 Thread 0x0000022f1740c000 Uncommon trap: reason=class_check action=maybe_recompile pc=0x0000022f07adb1e0 method=java.lang.String.equals(Ljava/lang/Object;)Z @ 8 c2
Event: 4.508 Thread 0x0000022f1740c000 Uncommon trap: reason=class_check action=maybe_recompile pc=0x0000022f07adb1e0 method=java.lang.String.equals(Ljava/lang/Object;)Z @ 8 c2
Event: 4.798 Thread 0x0000022f1740c000 Uncommon trap: reason=class_check action=maybe_recompile pc=0x0000022f07adb1e0 method=java.lang.String.equals(Ljava/lang/Object;)Z @ 8 c2
Event: 4.798 Thread 0x0000022f1740c000 Uncommon trap: reason=class_check action=maybe_recompile pc=0x0000022f07adb1e0 method=java.lang.String.equals(Ljava/lang/Object;)Z @ 8 c2
Event: 40.012 Thread 0x0000022f748bd000 Uncommon trap: reason=intrinsic_or_type_checked_inlining action=make_not_entrant pc=0x0000022f07b59c4c method=java.util.Arrays.copyOf([Ljava/lang/Object;ILjava/lang/Class;)[Ljava/lang/Object; @ 35 c2

Classes redefined (10 events):
Event: 652.143 Thread 0x0000022f7ed14000 redefined class name=cursojava.executavel.PrimeiraClasseJava, count=1
Event: 802.245 Thread 0x0000022f7ed14000 redefined class name=cursojava.executavel.PrimeiraClasseJava, count=2
Event: 813.232 Thread 0x0000022f7ed14000 redefined class name=cursojava.executavel.PrimeiraClasseJava, count=3
Event: 1246.457 Thread 0x0000022f7ed14000 redefined class name=cursojava.executavel.PrimeiraClasseJava, count=4
Event: 1396.272 Thread 0x0000022f7ed14000 redefined class name=cursojava.executavel.PrimeiraClasseJava, count=5
Event: 1770.441 Thread 0x0000022f7ed14000 redefined class name=cursojava.executavel.PrimeiraClasseJava, count=6
Event: 1860.843 Thread 0x0000022f7ed14000 redefined class name=cursojava.executavel.PrimeiraClasseJava, count=7
Event: 1878.864 Thread 0x0000022f7ed14000 redefined class name=cursojava.executavel.PrimeiraClasseJava, count=8
Event: 2038.500 Thread 0x0000022f7ed14000 redefined class name=cursojava.executavel.PrimeiraClasseJava, count=9
Event: 2425.006 Thread 0x0000022f7ed14000 redefined class name=cursojava.executavel.PrimeiraClasseJava, count=10

Internal exceptions (10 events):
Event: 0.488 Thread 0x0000022f748bd000 Exception <a 'java/lang/NoSuchMethodError'{0x0000000088f8f6e8}: java.lang.invoke.DirectMethodHandle$Holder.invokeStatic(Ljava/lang/Object;ILjava/lang/Object;Ljava/lang/Object;Ljava/lang/Object;)Ljava/lang/Object;> (0x0000000088f8f6e8) thrown at [t:/worksp
Event: 0.488 Thread 0x0000022f748bd000 Exception <a 'java/lang/NoSuchMethodError'{0x0000000088f93228}: java.lang.invoke.DirectMethodHandle$Holder.invokeSpecial(Ljava/lang/Object;Ljava/lang/Object;ILjava/lang/Object;Ljava/lang/Object;Ljava/lang/Object;)Ljava/lang/Object;> (0x0000000088f93228) t
Event: 0.509 Thread 0x0000022f748bd000 Exception <a 'java/lang/ClassNotFoundException'{0x0000000088e8e4e0}: com/sun/swing/internal/plaf/metal/resources/spi/metalProvider> (0x0000000088e8e4e0) thrown at [t:/workspace/open/src/hotspot/share/classfile/systemDictionary.cpp, line 231]
Event: 0.509 Thread 0x0000022f748bd000 Exception <a 'java/lang/ClassNotFoundException'{0x0000000088e95030}: com/sun/swing/internal/plaf/basic/resources/spi/basicProvider> (0x0000000088e95030) thrown at [t:/workspace/open/src/hotspot/share/classfile/systemDictionary.cpp, line 231]
Event: 0.512 Thread 0x0000022f748bd000 Exception <a 'java/lang/NoSuchMethodError'{0x0000000088ed0910}: java.lang.invoke.DirectMethodHandle$Holder.invokeStatic(Ljava/lang/Object;Ljava/lang/Object;Ljava/lang/Object;Ljava/lang/Object;Ljava/lang/Object;Ljava/lang/Object;Ljava/lang/Object;Ljava/lan
Event: 0.513 Thread 0x0000022f748bd000 Exception <a 'java/lang/NoSuchMethodError'{0x0000000088eef8d8}: java.lang.invoke.DirectMethodHandle$Holder.invokeStatic(Ljava/lang/Object;Ljava/lang/Object;Ljava/lang/Object;Ljava/lang/Object;Ljava/lang/Object;Ljava/lang/Object;Ljava/lang/Object;Ljava/lan
Event: 0.514 Thread 0x0000022f748bd000 Exception <a 'java/lang/NoSuchMethodError'{0x0000000088d0fee0}: java.lang.invoke.DirectMethodHandle$Holder.invokeStatic(Ljava/lang/Object;Ljava/lang/Object;Ljava/lang/Object;Ljava/lang/Object;Ljava/lang/Object;Ljava/lang/Object;Ljava/lang/Object;Ljava/lan
Event: 0.516 Thread 0x0000022f748bd000 Exception <a 'java/lang/NoSuchMethodError'{0x0000000088d31558}: java.lang.invoke.DirectMethodHandle$Holder.invokeStatic(Ljava/lang/Object;Ljava/lang/Object;Ljava/lang/Object;Ljava/lang/Object;Ljava/lang/Object;Ljava/lang/Object;Ljava/lang/Object;Ljava/lan
Event: 0.645 Thread 0x0000022f748bd000 Exception <a 'java/lang/NoSuchMethodError'{0x0000000088826a30}: java.lang.invoke.DirectMethodHandle$Holder.invokeStaticInit(Ljava/lang/Object;)V> (0x0000000088826a30) thrown at [t:/workspace/open/src/hotspot/share/interpreter/linkResolver.cpp, line 772]
Event: 0.651 Thread 0x0000022f748bd000 Exception <a 'java/lang/NoSuchMethodError'{0x000000008887f2e0}: java.lang.invoke.Invokers$Holder.linkToTargetMethod(Ljava/lang/Object;ILjava/lang/Object;)Ljava/lang/Object;> (0x000000008887f2e0) thrown at [t:/workspace/open/src/hotspot/share/interpreter/l

Events (10 events):
Event: 2992.767 Executing VM operation: GetOrSetLocal
Event: 2992.767 Executing VM operation: GetOrSetLocal done
Event: 2992.767 loading class java/util/regex/CharPredicates
Event: 2992.768 loading class java/util/regex/CharPredicates done
Event: 2992.777 loading class java/util/regex/Pattern$BmpCharPropertyGreedy
Event: 2992.777 loading class java/util/regex/Pattern$CharPropertyGreedy
Event: 2992.777 loading class java/util/regex/Pattern$CharPropertyGreedy done
Event: 2992.777 loading class java/util/regex/Pattern$BmpCharPropertyGreedy done
Event: 2992.777 loading class java/util/regex/Pattern$Ques
Event: 2992.777 Executing VM operation: G1CollectForAllocation


Dynamic libraries:
0x00007ff7697e0000 - 0x00007ff769827000 	C:\Program Files\Java\jdk-11.0.1\bin\javaw.exe
0x00007ffcc87f0000 - 0x00007ffcc89e5000 	C:\WINDOWS\SYSTEM32\ntdll.dll
0x00007ffca2910000 - 0x00007ffca2923000 	C:\Program Files\AVAST Software\Avast\aswhook.dll
0x00007ffcc7be0000 - 0x00007ffcc7c9d000 	C:\WINDOWS\System32\KERNEL32.DLL
0x00007ffcc5f30000 - 0x00007ffcc61f8000 	C:\WINDOWS\System32\KERNELBASE.dll
0x00007ffcc76b0000 - 0x00007ffcc775c000 	C:\WINDOWS\System32\ADVAPI32.dll
0x00007ffcc7ca0000 - 0x00007ffcc7d3e000 	C:\WINDOWS\System32\msvcrt.dll
0x00007ffcc86b0000 - 0x00007ffcc874b000 	C:\WINDOWS\System32\sechost.dll
0x00007ffcc6850000 - 0x00007ffcc697b000 	C:\WINDOWS\System32\RPCRT4.dll
0x00007ffcc7510000 - 0x00007ffcc76b0000 	C:\WINDOWS\System32\USER32.dll
0x00007ffcc66c0000 - 0x00007ffcc66e2000 	C:\WINDOWS\System32\win32u.dll
0x00007ffcc8210000 - 0x00007ffcc823a000 	C:\WINDOWS\System32\GDI32.dll
0x00007ffcc6200000 - 0x00007ffcc630b000 	C:\WINDOWS\System32\gdi32full.dll
0x00007ffcc6620000 - 0x00007ffcc66bd000 	C:\WINDOWS\System32\msvcp_win.dll
0x00007ffcc63f0000 - 0x00007ffcc64f0000 	C:\WINDOWS\System32\ucrtbase.dll
0x00007ffcb5040000 - 0x00007ffcb52da000 	C:\WINDOWS\WinSxS\amd64_microsoft.windows.common-controls_6595b64144ccf1df_6.0.19041.844_none_ca00b6081b84eb1d\COMCTL32.dll
0x00007ffcbde10000 - 0x00007ffcbde1a000 	C:\WINDOWS\SYSTEM32\VERSION.dll
0x00007ffcc69e0000 - 0x00007ffcc6a10000 	C:\WINDOWS\System32\IMM32.DLL
0x00007ffcc2180000 - 0x00007ffcc2196000 	C:\Program Files\Java\jdk-11.0.1\bin\vcruntime140.dll
0x00007ffcb9d40000 - 0x00007ffcb9dea000 	C:\Program Files\Java\jdk-11.0.1\bin\msvcp140.dll
0x00007ffc67210000 - 0x00007ffc67d52000 	C:\Program Files\Java\jdk-11.0.1\bin\server\jvm.dll
0x00007ffcc7d40000 - 0x00007ffcc7d48000 	C:\WINDOWS\System32\PSAPI.DLL
0x00007ffcb7080000 - 0x00007ffcb7089000 	C:\WINDOWS\SYSTEM32\WSOCK32.dll
0x00007ffcb7cd0000 - 0x00007ffcb7cf7000 	C:\WINDOWS\SYSTEM32\WINMM.dll
0x00007ffcc79c0000 - 0x00007ffcc7a2b000 	C:\WINDOWS\System32\WS2_32.dll
0x00007ffcc4a70000 - 0x00007ffcc4a82000 	C:\WINDOWS\SYSTEM32\kernel.appcore.dll
0x00007ffca8b80000 - 0x00007ffca8b91000 	C:\Program Files\Java\jdk-11.0.1\bin\verify.dll
0x00007ffcc3d70000 - 0x00007ffcc3f54000 	C:\WINDOWS\SYSTEM32\DBGHELP.DLL
0x00007ffcbda00000 - 0x00007ffcbda2c000 	C:\WINDOWS\SYSTEM32\dbgcore.DLL
0x00007ffcc64f0000 - 0x00007ffcc6570000 	C:\WINDOWS\System32\bcryptPrimitives.dll
0x00007ffc9fbf0000 - 0x00007ffc9fc19000 	C:\Program Files\Java\jdk-11.0.1\bin\java.dll
0x00007ffcc1e80000 - 0x00007ffcc1eb7000 	C:\Program Files\Java\jdk-11.0.1\bin\jdwp.dll
0x00007ffcc0790000 - 0x00007ffcc07bf000 	C:\Program Files\Java\jdk-11.0.1\bin\instrument.dll
0x00007ffca2c20000 - 0x00007ffca2c36000 	C:\Program Files\Java\jdk-11.0.1\bin\zip.dll
0x00007ffcbd630000 - 0x00007ffcbd63a000 	C:\Program Files\Java\jdk-11.0.1\bin\jimage.dll
0x00007ffcc6bd0000 - 0x00007ffcc7312000 	C:\WINDOWS\System32\SHELL32.dll
0x00007ffcc4050000 - 0x00007ffcc47e1000 	C:\WINDOWS\SYSTEM32\windows.storage.dll
0x00007ffcc7e30000 - 0x00007ffcc8185000 	C:\WINDOWS\System32\combase.dll
0x00007ffcc59a0000 - 0x00007ffcc59cc000 	C:\WINDOWS\SYSTEM32\Wldp.dll
0x00007ffcc7910000 - 0x00007ffcc79be000 	C:\WINDOWS\System32\SHCORE.dll
0x00007ffcc6980000 - 0x00007ffcc69d5000 	C:\WINDOWS\System32\shlwapi.dll
0x00007ffcc5e70000 - 0x00007ffcc5e8f000 	C:\WINDOWS\SYSTEM32\profapi.dll
0x00007ffcc2f60000 - 0x00007ffcc2f6a000 	C:\Program Files\Java\jdk-11.0.1\bin\dt_socket.dll
0x00007ffcc5710000 - 0x00007ffcc577a000 	C:\WINDOWS\System32\mswsock.dll
0x00007ffcc53f0000 - 0x00007ffcc54bc000 	C:\WINDOWS\SYSTEM32\DNSAPI.dll
0x00007ffcc53b0000 - 0x00007ffcc53eb000 	C:\WINDOWS\SYSTEM32\IPHLPAPI.DLL
0x00007ffcc7500000 - 0x00007ffcc7508000 	C:\WINDOWS\System32\NSI.dll
0x00007ffcbab10000 - 0x00007ffcbab8f000 	C:\WINDOWS\System32\fwpuclnt.dll
0x00007ffcc63c0000 - 0x00007ffcc63e7000 	C:\WINDOWS\System32\bcrypt.dll
0x00007ffcbcee0000 - 0x00007ffcbceea000 	C:\Windows\System32\rasadhlp.dll
0x00007ffc9efc0000 - 0x00007ffc9efd9000 	C:\Program Files\Java\jdk-11.0.1\bin\net.dll
0x00007ffcbbb10000 - 0x00007ffcbbc1b000 	C:\WINDOWS\SYSTEM32\WINHTTP.dll
0x00007ffc9ef20000 - 0x00007ffc9ef33000 	C:\Program Files\Java\jdk-11.0.1\bin\nio.dll
0x00007ffc736d0000 - 0x00007ffc7386f000 	C:\Program Files\Java\jdk-11.0.1\bin\awt.dll
0x00007ffcc7760000 - 0x00007ffcc782d000 	C:\WINDOWS\System32\OLEAUT32.dll
0x00007ffcbf160000 - 0x00007ffcbf720000 	C:\WINDOWS\SYSTEM32\d2d1.dll
0x00007ffcc1f10000 - 0x00007ffcc1fa0000 	C:\WINDOWS\SYSTEM32\apphelp.dll
0x00007ffcc33e0000 - 0x00007ffcc347e000 	C:\WINDOWS\system32\uxtheme.dll
0x00007ffcc73e0000 - 0x00007ffcc74f5000 	C:\WINDOWS\System32\MSCTF.dll
0x00007ffcc6aa0000 - 0x00007ffcc6bca000 	C:\WINDOWS\System32\ole32.dll
0x00007ffcc39c0000 - 0x00007ffcc39ef000 	C:\WINDOWS\system32\DWMAPI.DLL
0x00007ffcb9cc0000 - 0x00007ffcb9d40000 	C:\Program Files\Java\jdk-11.0.1\bin\freetype.dll
0x00007ffcaaee0000 - 0x00007ffcaaf4f000 	C:\Program Files\Java\jdk-11.0.1\bin\fontmanager.dll
0x00007ffca1420000 - 0x00007ffca1546000 	C:\WINDOWS\system32\opengl32.dll
0x00007ffcbd860000 - 0x00007ffcbd88c000 	C:\WINDOWS\SYSTEM32\GLU32.dll
0x00007ffcb55e0000 - 0x00007ffcb561b000 	C:\WINDOWS\SYSTEM32\dxcore.dll
0x00007ffcc6310000 - 0x00007ffcc635e000 	C:\WINDOWS\System32\cfgmgr32.dll
0x00007ffcc7330000 - 0x00007ffcc73d9000 	C:\WINDOWS\System32\clbcatq.dll
0x00007ffcb5bb0000 - 0x00007ffcb5d64000 	C:\WINDOWS\SYSTEM32\WindowsCodecs.dll
0x00007ffcb68b0000 - 0x00007ffcb68ee000 	C:\WINDOWS\system32\dataexchange.dll
0x00007ffcbf860000 - 0x00007ffcbfac4000 	C:\WINDOWS\system32\d3d11.dll
0x00007ffcc00b0000 - 0x00007ffcc0295000 	C:\WINDOWS\system32\dcomp.dll
0x00007ffcc4850000 - 0x00007ffcc4943000 	C:\WINDOWS\system32\dxgi.dll
0x00007ffcbbdf0000 - 0x00007ffcbbff1000 	C:\WINDOWS\system32\twinapi.appcore.dll
0x00007ffcbbcf0000 - 0x00007ffcbbde9000 	C:\WINDOWS\SYSTEM32\textinputframework.dll
0x00007ffcc0c80000 - 0x00007ffcc0d72000 	C:\WINDOWS\System32\CoreMessaging.dll
0x00007ffcc0920000 - 0x00007ffcc0c7e000 	C:\WINDOWS\System32\CoreUIComponents.dll
0x00007ffcc4cb0000 - 0x00007ffcc4ce3000 	C:\WINDOWS\SYSTEM32\ntmarta.dll
0x00007ffcc2bd0000 - 0x00007ffcc2d24000 	C:\WINDOWS\SYSTEM32\wintypes.dll

dbghelp: loaded successfully - version: 4.0.5 - missing functions: none
symbol engine: initialized successfully - sym options: 0x614 - pdb path: .;C:\Program Files\Java\jdk-11.0.1\bin;C:\WINDOWS\SYSTEM32;C:\Program Files\AVAST Software\Avast;C:\WINDOWS\WinSxS\amd64_microsoft.windows.common-controls_6595b64144ccf1df_6.0.19041.844_none_ca00b6081b84eb1d;C:\Program Files\Java\jdk-11.0.1\bin\server

VM Arguments:
jvm_args: -agentlib:jdwp=transport=dt_socket,suspend=y,address=localhost:51097 -javaagent:C:\eclipse\configuration\org.eclipse.osgi\409\0\.cp\lib\javaagent-shaded.jar -Dfile.encoding=Cp1252 
java_command: cursojava.executavel.PrimeiraClasseJava
java_class_path (initial): C:\Users\Escorpião-pc\git\repository\primeiro-programa-java\bin
Launcher Type: SUN_STANDARD

[Global flags]
     intx CICompilerCount                          = 4                                         {product} {ergonomic}
     uint ConcGCThreads                            = 2                                         {product} {ergonomic}
     uint G1ConcRefinementThreads                  = 8                                         {product} {ergonomic}
   size_t G1HeapRegionSize                         = 1048576                                   {product} {ergonomic}
    uintx GCDrainStackTargetSize                   = 64                                        {product} {ergonomic}
   size_t InitialHeapSize                          = 134217728                                 {product} {ergonomic}
   size_t MarkStackSize                            = 4194304                                   {product} {ergonomic}
   size_t MaxHeapSize                              = 2120220672                                {product} {ergonomic}
   size_t MaxNewSize                               = 1271922688                                {product} {ergonomic}
   size_t MinHeapDeltaBytes                        = 1048576                                   {product} {ergonomic}
    uintx NonNMethodCodeHeapSize                   = 5835340                                {pd product} {ergonomic}
    uintx NonProfiledCodeHeapSize                  = 122911450                              {pd product} {ergonomic}
    uintx ProfiledCodeHeapSize                     = 122911450                              {pd product} {ergonomic}
    uintx ReservedCodeCacheSize                    = 251658240                              {pd product} {ergonomic}
     bool SegmentedCodeCache                       = true                                      {product} {ergonomic}
     bool UseCompressedClassPointers               = true                                 {lp64_product} {ergonomic}
     bool UseCompressedOops                        = true                                 {lp64_product} {ergonomic}
     bool UseG1GC                                  = true                                      {product} {ergonomic}
     bool UseLargePagesIndividualAllocation        = false                                  {pd product} {ergonomic}

Logging:
Log output configuration:
 #0: stdout all=warning uptime,level,tags
 #1: stderr all=off uptime,level,tags

Environment Variables:
JAVA_HOME=C:\Program Files\Java\jdk-11.0.1
CLASSPATH=.;C:\Program Files\Java\jdk-11.0.1\lib;
PATH=C:/Program Files/Java/jdk-11.0.1/bin/server;C:/Program Files/Java/jdk-11.0.1/bin;"C:\Program Files (x86)\Common Files\Intel\Shared Files\cpp\bin\Intel64;C:\Program Files\Java\jdk-11.0.1\bin";C:\windows\system32;C:\windows;C:\windows\System32\Wbem;C:\windows\System32\WindowsPowerShell\v1.0\;C:\windows\System32\OpenSSH\;C:\Program Files (x86)\NVIDIA Corporation\PhysX\Common;C:\Program Files\NVIDIA Corporation\NVIDIA NvDLISR;C:\Program Files (x86)\Microsoft SQL Server\140\Tools\Binn\;C:\Program Files\Microsoft SQL Server\140\Tools\Binn\;C:\Program Files (x86)\Microsoft SQL Server\140\DTS\Binn\;C:\Program Files\Microsoft SQL Server\140\DTS\Binn\;C:\Program Files\Microsoft SQL Server\Client SDK\ODBC\130\Tools\Binn\;C:\Program Files (x86)\Microsoft SQL Server\150\DTS\Binn\;C:\Program Files\Azure Data Studio\bin;C:\ProgramData\UNIVALI\Portugol Studio;C:\Program Files\Git\cmd;C:\gradle-6.8.1\bin;C:\Program Files\nodejs\;C:\WINDOWS\system32;C:\WINDOWS;C:\WINDOWS\System32\Wbem;C:\WINDOWS\System32\WindowsPowerShell\v1.0\;C:\WINDOWS\System32\OpenSSH\;C:\Program Files\Java\jdk-11.0.1\bin;C:\Program Files (x86)\Microsoft SQL Server\100\Tools\Binn\;C:\Program Files\Microsoft SQL Server\100\Tools\Binn\;C:\Program Files\Microsoft SQL Server\100\DTS\Binn\;C:\Program Files (x86)\Microsoft SQL Server\100\Tools\Binn\VSShell\Common7\IDE\;C:\Program Files (x86)\Microsoft SQL Server\100\DTS\Binn\;C:\Users\Escorpião-pc\AppData\Local\Microsoft\WindowsApps;C:\Program Files\Azure Data Studio\bin;C:\Users\Escorpião-pc\AppData\Local\Programs\Microsoft VS Code\bin;C:\Program Files\apache-maven-3.6.3\bin;C:\Users\Escorpião-pc\AppData\Roaming\npm;;C:\eclipse;
USERNAME=Escorpião-pc
OS=Windows_NT
PROCESSOR_IDENTIFIER=Intel64 Family 6 Model 142 Stepping 12, GenuineIntel



---------------  S Y S T E M  ---------------

OS: Windows 10 , 64 bit Build 19041 (10.0.19041.928)

CPU:total 8 (initial active 8) (4 cores per cpu, 2 threads per core) family 6 model 142 stepping 12, cmov, cx8, fxsr, mmx, sse, sse2, sse3, ssse3, sse4.1, sse4.2, popcnt, avx, avx2, aes, clmul, erms, 3dnowpref, lzcnt, ht, tsc, tscinvbit, bmi1, bmi2, adx, fma

Memory: 4k page, system-wide physical 8083M (3260M free)
TotalPageFile size 16242M (AvailPageFile size 5056M)
current process WorkingSet (physical memory assigned to process): 51M, peak: 90M
current process commit charge ("private bytes"): 228M, peak: 238M

vm_info: Java HotSpot(TM) 64-Bit Server VM (11.0.1+13-LTS) for windows-amd64 JRE (11.0.1+13-LTS), built on Oct  6 2018 13:20:16 by "mach5one" with MS VC++ 15.5 (VS2017)

END.
