#
# A fatal error has been detected by the Java Runtime Environment:
#
#  Internal Error (t:/workspace/open/src/hotspot/share/oops/generateOopMap.cpp:2164), pid=4544, tid=4660
#  fatal error: Illegal class file encountered. Try running with -Xverify:all in method main
#
# JRE version: Java(TM) SE Runtime Environment (11.0.1+13) (build 11.0.1+13-LTS)
# Java VM: Java HotSpot(TM) 64-Bit Server VM (11.0.1+13-LTS, mixed mode, tiered, compressed oops, g1 gc, windows-amd64)
# No core dump will be written. Minidumps are not enabled by default on client versions of Windows
#
# If you would like to submit a bug report, please visit:
#   http://bugreport.java.com/bugreport/crash.jsp
#

---------------  S U M M A R Y ------------

Command Line: -agentlib:jdwp=transport=dt_socket,suspend=y,address=localhost:51067 -javaagent:C:\eclipse\configuration\org.eclipse.osgi\409\0\.cp\lib\javaagent-shaded.jar -Dfile.encoding=Cp1252 cursojava.executavel.PrimeiraClasseJava

Host: Intel(R) Core(TM) i5-8265U CPU @ 1.60GHz, 8 cores, 7G,  Windows 10 , 64 bit Build 19041 (10.0.19041.928)
Time: Thu May  6 08:21:53 2021 Hora oficial do Brasil elapsed time: 5138 seconds (0d 1h 25m 38s)

---------------  T H R E A D  ---------------

Current thread (0x000001317d1c4800):  VMThread "VM Thread" [stack: 0x00000013b1c00000,0x00000013b1d00000] [id=4660]

Stack: [0x00000013b1c00000,0x00000013b1d00000]
[error occurred during error reporting (printing stack bounds), id 0xc0000005, EXCEPTION_ACCESS_VIOLATION (0xc0000005) at pc=0x0000013166150bad]

Native frames: (J=compiled Java code, j=interpreted, Vv=VM code, C=native code)
V  [jvm.dll+0x63c21a]
V  [jvm.dll+0x7797df]
V  [jvm.dll+0x77adca]
V  [jvm.dll+0x77b3e5]
V  [jvm.dll+0x77b39b]
V  [jvm.dll+0x63b916]
V  [jvm.dll+0x63bce8]
C  [ntdll.dll+0xa207f]
C  [ntdll.dll+0x51454]
C  [ntdll.dll+0xa0bae]
C  0x0000013166150bad

VM_Operation (0x00000013b25ff150): GetOrSetLocal, mode: safepoint, requested by thread 0x000001317e2ba000


---------------  P R O C E S S  ---------------

Threads class SMR info:
_java_thread_list=0x000001317e297d70, length=16, elements={
0x000001315de1c000, 0x000001317d1eb800, 0x000001317d1f5000, 0x000001317d206000,
0x000001317d207800, 0x000001317d20b000, 0x000001317d217000, 0x000001317db8c000,
0x000001317d182000, 0x000001317e2ba000, 0x000001317ddd7800, 0x000001317ddd8000,
0x000001317de54800, 0x000001317e5ca800, 0x000001317e53a000, 0x000001317e7b0000
}

Java Threads: ( => current thread )
  0x000001315de1c000 JavaThread "main" [_thread_blocked, id=3664, stack(0x00000013b1600000,0x00000013b1700000)]
  0x000001317d1eb800 JavaThread "Reference Handler" daemon [_thread_blocked, id=10112, stack(0x00000013b1d00000,0x00000013b1e00000)]
  0x000001317d1f5000 JavaThread "Finalizer" daemon [_thread_blocked, id=11916, stack(0x00000013b1e00000,0x00000013b1f00000)]
  0x000001317d206000 JavaThread "Signal Dispatcher" daemon [_thread_blocked, id=8756, stack(0x00000013b1f00000,0x00000013b2000000)]
  0x000001317d207800 JavaThread "Attach Listener" daemon [_thread_blocked, id=10196, stack(0x00000013b2000000,0x00000013b2100000)]
  0x000001317d20b000 JavaThread "C2 CompilerThread0" daemon [_thread_blocked, id=9772, stack(0x00000013b2100000,0x00000013b2200000)]
  0x000001317d217000 JavaThread "C1 CompilerThread0" daemon [_thread_blocked, id=576, stack(0x00000013b2200000,0x00000013b2300000)]
  0x000001317db8c000 JavaThread "Sweeper thread" daemon [_thread_blocked, id=12112, stack(0x00000013b2300000,0x00000013b2400000)]
  0x000001317d182000 JavaThread "Common-Cleaner" daemon [_thread_blocked, id=11096, stack(0x00000013b2400000,0x00000013b2500000)]
  0x000001317e2ba000 JavaThread "JDWP Transport Listener: dt_socket" daemon [_thread_blocked, id=11756, stack(0x00000013b2500000,0x00000013b2600000)] _threads_hazard_ptr=0x000001317e297d70
  0x000001317ddd7800 JavaThread "JDWP Event Helper Thread" daemon [_thread_blocked, id=2892, stack(0x00000013b2600000,0x00000013b2700000)]
  0x000001317ddd8000 JavaThread "JDWP Command Reader" daemon [_thread_in_native, id=9752, stack(0x00000013b2700000,0x00000013b2800000)]
  0x000001317de54800 JavaThread "Service Thread" daemon [_thread_blocked, id=11304, stack(0x00000013b2800000,0x00000013b2900000)]
  0x000001317e5ca800 JavaThread "Java2D Disposer" daemon [_thread_blocked, id=2696, stack(0x00000013b2a00000,0x00000013b2b00000)]
  0x000001317e53a000 JavaThread "AWT-Windows" daemon [_thread_in_native, id=9296, stack(0x00000013b2c00000,0x00000013b2d00000)]
  0x000001317e7b0000 JavaThread "TimerQueue" daemon [_thread_blocked, id=132, stack(0x00000013b3300000,0x00000013b3400000)]

Other Threads:
=>0x000001317d1c4800 VMThread "VM Thread" [stack: 0x00000013b1c00000,0x00000013b1d00000] [id=4660]
  0x000001317e3a7000 WatcherThread [stack: 0x00000013b2900000,0x00000013b2a00000] [id=4936]
  0x000001315de34000 GCTaskThread "GC Thread#0" [stack: 0x00000013b1700000,0x00000013b1800000] [id=10672]
  0x00000131030f0800 GCTaskThread "GC Thread#1" [stack: 0x00000013b1300000,0x00000013b1400000] [id=12868]
  0x0000013105b90800 GCTaskThread "GC Thread#2" [stack: 0x00000013b1400000,0x00000013b1500000] [id=13844]
  0x000001317e70b000 GCTaskThread "GC Thread#3" [stack: 0x00000013b1500000,0x00000013b1600000] [id=6192]
  0x000001317e70e000 GCTaskThread "GC Thread#4" [stack: 0x00000013b2d00000,0x00000013b2e00000] [id=5416]
  0x000001317e871800 GCTaskThread "GC Thread#5" [stack: 0x00000013b2e00000,0x00000013b2f00000] [id=10316]
  0x000001315de67800 ConcurrentGCThread "G1 Main Marker" [stack: 0x00000013b1800000,0x00000013b1900000] [id=11036]
  0x000001315de69800 ConcurrentGCThread "G1 Conc#0" [stack: 0x00000013b1900000,0x00000013b1a00000] [id=11784]
  0x000001317d030800 ConcurrentGCThread "G1 Refine#0" [stack: 0x00000013b1a00000,0x00000013b1b00000] [id=9408]
  0x000001317d033800 ConcurrentGCThread "G1 Young RemSet Sampling" [stack: 0x00000013b1b00000,0x00000013b1c00000] [id=12852]

Threads with active compile tasks:

VM state:at safepoint (normal execution)

VM Mutex/Monitor currently owned by a thread:  ([mutex/lock_event])
[0x000001315de1b6b0] Threads_lock - owner thread: 0x000001317d1c4800

Heap address: 0x0000000081a00000, size: 2022 MB, Compressed Oops mode: 32-bit
Narrow klass base: 0x0000000000000000, Narrow klass shift: 3
Compressed class space size: 1073741824 Address: 0x0000000100000000

Heap:
 garbage-first heap   total 131072K, used 9280K [0x0000000081a00000, 0x0000000100000000)
  region size 1024K, 10 young (10240K), 3 survivors (3072K)
 Metaspace       used 19194K, capacity 19661K, committed 19840K, reserved 1067008K
  class space    used 1940K, capacity 2128K, committed 2176K, reserved 1048576K
Heap Regions: E=young(eden), S=young(survivor), O=old, HS=humongous(starts), HC=humongous(continues), CS=collection set, F=free, A=archive, TAMS=top-at-mark-start (previous, next)
|   0|0x0000000081a00000, 0x0000000081a10000, 0x0000000081b00000|  6%| O|  |TAMS 0x0000000081a00000, 0x0000000081a00000| Untracked 
|   1|0x0000000081b00000, 0x0000000081b00000, 0x0000000081c00000|  0%| F|  |TAMS 0x0000000081b00000, 0x0000000081b00000| Untracked 
|   2|0x0000000081c00000, 0x0000000081c00000, 0x0000000081d00000|  0%| F|  |TAMS 0x0000000081c00000, 0x0000000081c00000| Untracked 
|   3|0x0000000081d00000, 0x0000000081d00000, 0x0000000081e00000|  0%| F|  |TAMS 0x0000000081d00000, 0x0000000081d00000| Untracked 
|   4|0x0000000081e00000, 0x0000000081e00000, 0x0000000081f00000|  0%| F|  |TAMS 0x0000000081e00000, 0x0000000081e00000| Untracked 
|   5|0x0000000081f00000, 0x0000000081f00000, 0x0000000082000000|  0%| F|  |TAMS 0x0000000081f00000, 0x0000000081f00000| Untracked 
|   6|0x0000000082000000, 0x0000000082000000, 0x0000000082100000|  0%| F|  |TAMS 0x0000000082000000, 0x0000000082000000| Untracked 
|   7|0x0000000082100000, 0x0000000082100000, 0x0000000082200000|  0%| F|  |TAMS 0x0000000082100000, 0x0000000082100000| Untracked 
|   8|0x0000000082200000, 0x0000000082200000, 0x0000000082300000|  0%| F|  |TAMS 0x0000000082200000, 0x0000000082200000| Untracked 
|   9|0x0000000082300000, 0x0000000082300000, 0x0000000082400000|  0%| F|  |TAMS 0x0000000082300000, 0x0000000082300000| Untracked 
|  10|0x0000000082400000, 0x0000000082400000, 0x0000000082500000|  0%| F|  |TAMS 0x0000000082400000, 0x0000000082400000| Untracked 
|  11|0x0000000082500000, 0x0000000082500000, 0x0000000082600000|  0%| F|  |TAMS 0x0000000082500000, 0x0000000082500000| Untracked 
|  12|0x0000000082600000, 0x0000000082600000, 0x0000000082700000|  0%| F|  |TAMS 0x0000000082600000, 0x0000000082600000| Untracked 
|  13|0x0000000082700000, 0x0000000082700000, 0x0000000082800000|  0%| F|  |TAMS 0x0000000082700000, 0x0000000082700000| Untracked 
|  14|0x0000000082800000, 0x0000000082800000, 0x0000000082900000|  0%| F|  |TAMS 0x0000000082800000, 0x0000000082800000| Untracked 
|  15|0x0000000082900000, 0x0000000082900000, 0x0000000082a00000|  0%| F|  |TAMS 0x0000000082900000, 0x0000000082900000| Untracked 
|  16|0x0000000082a00000, 0x0000000082a00000, 0x0000000082b00000|  0%| F|  |TAMS 0x0000000082a00000, 0x0000000082a00000| Untracked 
|  17|0x0000000082b00000, 0x0000000082b00000, 0x0000000082c00000|  0%| F|  |TAMS 0x0000000082b00000, 0x0000000082b00000| Untracked 
|  18|0x0000000082c00000, 0x0000000082c00000, 0x0000000082d00000|  0%| F|  |TAMS 0x0000000082c00000, 0x0000000082c00000| Untracked 
|  19|0x0000000082d00000, 0x0000000082d00000, 0x0000000082e00000|  0%| F|  |TAMS 0x0000000082d00000, 0x0000000082d00000| Untracked 
|  20|0x0000000082e00000, 0x0000000082e00000, 0x0000000082f00000|  0%| F|  |TAMS 0x0000000082e00000, 0x0000000082e00000| Untracked 
|  21|0x0000000082f00000, 0x0000000082f00000, 0x0000000083000000|  0%| F|  |TAMS 0x0000000082f00000, 0x0000000082f00000| Untracked 
|  22|0x0000000083000000, 0x0000000083000000, 0x0000000083100000|  0%| F|  |TAMS 0x0000000083000000, 0x0000000083000000| Untracked 
|  23|0x0000000083100000, 0x0000000083100000, 0x0000000083200000|  0%| F|  |TAMS 0x0000000083100000, 0x0000000083100000| Untracked 
|  24|0x0000000083200000, 0x0000000083200000, 0x0000000083300000|  0%| F|  |TAMS 0x0000000083200000, 0x0000000083200000| Untracked 
|  25|0x0000000083300000, 0x0000000083300000, 0x0000000083400000|  0%| F|  |TAMS 0x0000000083300000, 0x0000000083300000| Untracked 
|  26|0x0000000083400000, 0x0000000083400000, 0x0000000083500000|  0%| F|  |TAMS 0x0000000083400000, 0x0000000083400000| Untracked 
|  27|0x0000000083500000, 0x0000000083500000, 0x0000000083600000|  0%| F|  |TAMS 0x0000000083500000, 0x0000000083500000| Untracked 
|  28|0x0000000083600000, 0x0000000083600000, 0x0000000083700000|  0%| F|  |TAMS 0x0000000083600000, 0x0000000083600000| Untracked 
|  29|0x0000000083700000, 0x0000000083700000, 0x0000000083800000|  0%| F|  |TAMS 0x0000000083700000, 0x0000000083700000| Untracked 
|  30|0x0000000083800000, 0x0000000083800000, 0x0000000083900000|  0%| F|  |TAMS 0x0000000083800000, 0x0000000083800000| Untracked 
|  31|0x0000000083900000, 0x0000000083900000, 0x0000000083a00000|  0%| F|  |TAMS 0x0000000083900000, 0x0000000083900000| Untracked 
|  32|0x0000000083a00000, 0x0000000083a00000, 0x0000000083b00000|  0%| F|  |TAMS 0x0000000083a00000, 0x0000000083a00000| Untracked 
|  33|0x0000000083b00000, 0x0000000083b00000, 0x0000000083c00000|  0%| F|  |TAMS 0x0000000083b00000, 0x0000000083b00000| Untracked 
|  34|0x0000000083c00000, 0x0000000083c00000, 0x0000000083d00000|  0%| F|  |TAMS 0x0000000083c00000, 0x0000000083c00000| Untracked 
|  35|0x0000000083d00000, 0x0000000083d00000, 0x0000000083e00000|  0%| F|  |TAMS 0x0000000083d00000, 0x0000000083d00000| Untracked 
|  36|0x0000000083e00000, 0x0000000083e00000, 0x0000000083f00000|  0%| F|  |TAMS 0x0000000083e00000, 0x0000000083e00000| Untracked 
|  37|0x0000000083f00000, 0x0000000083f00000, 0x0000000084000000|  0%| F|  |TAMS 0x0000000083f00000, 0x0000000083f00000| Untracked 
|  38|0x0000000084000000, 0x0000000084000000, 0x0000000084100000|  0%| F|  |TAMS 0x0000000084000000, 0x0000000084000000| Untracked 
|  39|0x0000000084100000, 0x0000000084100000, 0x0000000084200000|  0%| F|  |TAMS 0x0000000084100000, 0x0000000084100000| Untracked 
|  40|0x0000000084200000, 0x0000000084200000, 0x0000000084300000|  0%| F|  |TAMS 0x0000000084200000, 0x0000000084200000| Untracked 
|  41|0x0000000084300000, 0x0000000084300000, 0x0000000084400000|  0%| F|  |TAMS 0x0000000084300000, 0x0000000084300000| Untracked 
|  42|0x0000000084400000, 0x0000000084400000, 0x0000000084500000|  0%| F|  |TAMS 0x0000000084400000, 0x0000000084400000| Untracked 
|  43|0x0000000084500000, 0x0000000084500000, 0x0000000084600000|  0%| F|  |TAMS 0x0000000084500000, 0x0000000084500000| Untracked 
|  44|0x0000000084600000, 0x0000000084600000, 0x0000000084700000|  0%| F|  |TAMS 0x0000000084600000, 0x0000000084600000| Untracked 
|  45|0x0000000084700000, 0x0000000084700000, 0x0000000084800000|  0%| F|  |TAMS 0x0000000084700000, 0x0000000084700000| Untracked 
|  46|0x0000000084800000, 0x0000000084800000, 0x0000000084900000|  0%| F|  |TAMS 0x0000000084800000, 0x0000000084800000| Untracked 
|  47|0x0000000084900000, 0x0000000084900000, 0x0000000084a00000|  0%| F|  |TAMS 0x0000000084900000, 0x0000000084900000| Untracked 
|  48|0x0000000084a00000, 0x0000000084a00000, 0x0000000084b00000|  0%| F|  |TAMS 0x0000000084a00000, 0x0000000084a00000| Untracked 
|  49|0x0000000084b00000, 0x0000000084b00000, 0x0000000084c00000|  0%| F|  |TAMS 0x0000000084b00000, 0x0000000084b00000| Untracked 
|  50|0x0000000084c00000, 0x0000000084c00000, 0x0000000084d00000|  0%| F|  |TAMS 0x0000000084c00000, 0x0000000084c00000| Untracked 
|  51|0x0000000084d00000, 0x0000000084d00000, 0x0000000084e00000|  0%| F|  |TAMS 0x0000000084d00000, 0x0000000084d00000| Untracked 
|  52|0x0000000084e00000, 0x0000000084e00000, 0x0000000084f00000|  0%| F|  |TAMS 0x0000000084e00000, 0x0000000084e00000| Untracked 
|  53|0x0000000084f00000, 0x0000000084f00000, 0x0000000085000000|  0%| F|  |TAMS 0x0000000084f00000, 0x0000000084f00000| Untracked 
|  54|0x0000000085000000, 0x0000000085000000, 0x0000000085100000|  0%| F|  |TAMS 0x0000000085000000, 0x0000000085000000| Untracked 
|  55|0x0000000085100000, 0x0000000085100000, 0x0000000085200000|  0%| F|  |TAMS 0x0000000085100000, 0x0000000085100000| Untracked 
|  56|0x0000000085200000, 0x0000000085200000, 0x0000000085300000|  0%| F|  |TAMS 0x0000000085200000, 0x0000000085200000| Untracked 
|  57|0x0000000085300000, 0x0000000085300000, 0x0000000085400000|  0%| F|  |TAMS 0x0000000085300000, 0x0000000085300000| Untracked 
|  58|0x0000000085400000, 0x0000000085400000, 0x0000000085500000|  0%| F|  |TAMS 0x0000000085400000, 0x0000000085400000| Untracked 
|  59|0x0000000085500000, 0x0000000085500000, 0x0000000085600000|  0%| F|  |TAMS 0x0000000085500000, 0x0000000085500000| Untracked 
|  60|0x0000000085600000, 0x0000000085600000, 0x0000000085700000|  0%| F|  |TAMS 0x0000000085600000, 0x0000000085600000| Untracked 
|  61|0x0000000085700000, 0x0000000085700000, 0x0000000085800000|  0%| F|  |TAMS 0x0000000085700000, 0x0000000085700000| Untracked 
|  62|0x0000000085800000, 0x0000000085800000, 0x0000000085900000|  0%| F|  |TAMS 0x0000000085800000, 0x0000000085800000| Untracked 
|  63|0x0000000085900000, 0x0000000085900000, 0x0000000085a00000|  0%| F|  |TAMS 0x0000000085900000, 0x0000000085900000| Untracked 
|  64|0x0000000085a00000, 0x0000000085a00000, 0x0000000085b00000|  0%| F|  |TAMS 0x0000000085a00000, 0x0000000085a00000| Untracked 
|  65|0x0000000085b00000, 0x0000000085b00000, 0x0000000085c00000|  0%| F|  |TAMS 0x0000000085b00000, 0x0000000085b00000| Untracked 
|  66|0x0000000085c00000, 0x0000000085c00000, 0x0000000085d00000|  0%| F|  |TAMS 0x0000000085c00000, 0x0000000085c00000| Untracked 
|  67|0x0000000085d00000, 0x0000000085d00000, 0x0000000085e00000|  0%| F|  |TAMS 0x0000000085d00000, 0x0000000085d00000| Untracked 
|  68|0x0000000085e00000, 0x0000000085e00000, 0x0000000085f00000|  0%| F|  |TAMS 0x0000000085e00000, 0x0000000085e00000| Untracked 
|  69|0x0000000085f00000, 0x0000000085f00000, 0x0000000086000000|  0%| F|  |TAMS 0x0000000085f00000, 0x0000000085f00000| Untracked 
|  70|0x0000000086000000, 0x0000000086000000, 0x0000000086100000|  0%| F|  |TAMS 0x0000000086000000, 0x0000000086000000| Untracked 
|  71|0x0000000086100000, 0x0000000086100000, 0x0000000086200000|  0%| F|  |TAMS 0x0000000086100000, 0x0000000086100000| Untracked 
|  72|0x0000000086200000, 0x0000000086200000, 0x0000000086300000|  0%| F|  |TAMS 0x0000000086200000, 0x0000000086200000| Untracked 
|  73|0x0000000086300000, 0x0000000086300000, 0x0000000086400000|  0%| F|  |TAMS 0x0000000086300000, 0x0000000086300000| Untracked 
|  74|0x0000000086400000, 0x0000000086400000, 0x0000000086500000|  0%| F|  |TAMS 0x0000000086400000, 0x0000000086400000| Untracked 
|  75|0x0000000086500000, 0x0000000086500000, 0x0000000086600000|  0%| F|  |TAMS 0x0000000086500000, 0x0000000086500000| Untracked 
|  76|0x0000000086600000, 0x0000000086600000, 0x0000000086700000|  0%| F|  |TAMS 0x0000000086600000, 0x0000000086600000| Untracked 
|  77|0x0000000086700000, 0x0000000086700000, 0x0000000086800000|  0%| F|  |TAMS 0x0000000086700000, 0x0000000086700000| Untracked 
|  78|0x0000000086800000, 0x0000000086800000, 0x0000000086900000|  0%| F|  |TAMS 0x0000000086800000, 0x0000000086800000| Untracked 
|  79|0x0000000086900000, 0x0000000086900000, 0x0000000086a00000|  0%| F|  |TAMS 0x0000000086900000, 0x0000000086900000| Untracked 
|  80|0x0000000086a00000, 0x0000000086a00000, 0x0000000086b00000|  0%| F|  |TAMS 0x0000000086a00000, 0x0000000086a00000| Untracked 
|  81|0x0000000086b00000, 0x0000000086b00000, 0x0000000086c00000|  0%| F|  |TAMS 0x0000000086b00000, 0x0000000086b00000| Untracked 
|  82|0x0000000086c00000, 0x0000000086c00000, 0x0000000086d00000|  0%| F|  |TAMS 0x0000000086c00000, 0x0000000086c00000| Untracked 
|  83|0x0000000086d00000, 0x0000000086d00000, 0x0000000086e00000|  0%| F|  |TAMS 0x0000000086d00000, 0x0000000086d00000| Untracked 
|  84|0x0000000086e00000, 0x0000000086e00000, 0x0000000086f00000|  0%| F|  |TAMS 0x0000000086e00000, 0x0000000086e00000| Untracked 
|  85|0x0000000086f00000, 0x0000000086f00000, 0x0000000087000000|  0%| F|  |TAMS 0x0000000086f00000, 0x0000000086f00000| Untracked 
|  86|0x0000000087000000, 0x0000000087000000, 0x0000000087100000|  0%| F|  |TAMS 0x0000000087000000, 0x0000000087000000| Untracked 
|  87|0x0000000087100000, 0x0000000087100000, 0x0000000087200000|  0%| F|  |TAMS 0x0000000087100000, 0x0000000087100000| Untracked 
|  88|0x0000000087200000, 0x0000000087200000, 0x0000000087300000|  0%| F|  |TAMS 0x0000000087200000, 0x0000000087200000| Untracked 
|  89|0x0000000087300000, 0x0000000087300000, 0x0000000087400000|  0%| F|  |TAMS 0x0000000087300000, 0x0000000087300000| Untracked 
|  90|0x0000000087400000, 0x0000000087400000, 0x0000000087500000|  0%| F|  |TAMS 0x0000000087400000, 0x0000000087400000| Untracked 
|  91|0x0000000087500000, 0x0000000087500000, 0x0000000087600000|  0%| F|  |TAMS 0x0000000087500000, 0x0000000087500000| Untracked 
|  92|0x0000000087600000, 0x0000000087600000, 0x0000000087700000|  0%| F|  |TAMS 0x0000000087600000, 0x0000000087600000| Untracked 
|  93|0x0000000087700000, 0x0000000087700000, 0x0000000087800000|  0%| F|  |TAMS 0x0000000087700000, 0x0000000087700000| Untracked 
|  94|0x0000000087800000, 0x0000000087800000, 0x0000000087900000|  0%| F|  |TAMS 0x0000000087800000, 0x0000000087800000| Untracked 
|  95|0x0000000087900000, 0x0000000087900000, 0x0000000087a00000|  0%| F|  |TAMS 0x0000000087900000, 0x0000000087900000| Untracked 
|  96|0x0000000087a00000, 0x0000000087a00000, 0x0000000087b00000|  0%| F|  |TAMS 0x0000000087a00000, 0x0000000087a00000| Untracked 
|  97|0x0000000087b00000, 0x0000000087b00000, 0x0000000087c00000|  0%| F|  |TAMS 0x0000000087b00000, 0x0000000087b00000| Untracked 
|  98|0x0000000087c00000, 0x0000000087c00000, 0x0000000087d00000|  0%| F|  |TAMS 0x0000000087c00000, 0x0000000087c00000| Untracked 
|  99|0x0000000087d00000, 0x0000000087d00000, 0x0000000087e00000|  0%| F|  |TAMS 0x0000000087d00000, 0x0000000087d00000| Untracked 
| 100|0x0000000087e00000, 0x0000000087e00000, 0x0000000087f00000|  0%| F|  |TAMS 0x0000000087e00000, 0x0000000087e00000| Untracked 
| 101|0x0000000087f00000, 0x0000000088000000, 0x0000000088000000|100%| S|CS|TAMS 0x0000000087f00000, 0x0000000087f00000| Complete 
| 102|0x0000000088000000, 0x0000000088100000, 0x0000000088100000|100%| S|CS|TAMS 0x0000000088000000, 0x0000000088000000| Complete 
| 103|0x0000000088100000, 0x0000000088200000, 0x0000000088200000|100%| S|CS|TAMS 0x0000000088100000, 0x0000000088100000| Complete 
| 104|0x0000000088200000, 0x0000000088200000, 0x0000000088300000|  0%| F|  |TAMS 0x0000000088200000, 0x0000000088200000| Untracked 
| 105|0x0000000088300000, 0x0000000088300000, 0x0000000088400000|  0%| F|  |TAMS 0x0000000088300000, 0x0000000088300000| Untracked 
| 106|0x0000000088400000, 0x0000000088400000, 0x0000000088500000|  0%| F|  |TAMS 0x0000000088400000, 0x0000000088400000| Untracked 
| 107|0x0000000088500000, 0x0000000088500000, 0x0000000088600000|  0%| F|  |TAMS 0x0000000088500000, 0x0000000088500000| Untracked 
| 108|0x0000000088600000, 0x0000000088600000, 0x0000000088700000|  0%| F|  |TAMS 0x0000000088600000, 0x0000000088600000| Untracked 
| 109|0x0000000088700000, 0x0000000088700000, 0x0000000088800000|  0%| F|  |TAMS 0x0000000088700000, 0x0000000088700000| Untracked 
| 110|0x0000000088800000, 0x0000000088800000, 0x0000000088900000|  0%| F|  |TAMS 0x0000000088800000, 0x0000000088800000| Untracked 
| 111|0x0000000088900000, 0x0000000088900000, 0x0000000088a00000|  0%| F|  |TAMS 0x0000000088900000, 0x0000000088900000| Untracked 
| 112|0x0000000088a00000, 0x0000000088a00000, 0x0000000088b00000|  0%| F|  |TAMS 0x0000000088a00000, 0x0000000088a00000| Untracked 
| 113|0x0000000088b00000, 0x0000000088b00000, 0x0000000088c00000|  0%| F|  |TAMS 0x0000000088b00000, 0x0000000088b00000| Untracked 
| 114|0x0000000088c00000, 0x0000000088c00000, 0x0000000088d00000|  0%| F|  |TAMS 0x0000000088c00000, 0x0000000088c00000| Untracked 
| 115|0x0000000088d00000, 0x0000000088d00000, 0x0000000088e00000|  0%| F|  |TAMS 0x0000000088d00000, 0x0000000088d00000| Untracked 
| 116|0x0000000088e00000, 0x0000000088e00000, 0x0000000088f00000|  0%| F|  |TAMS 0x0000000088e00000, 0x0000000088e00000| Untracked 
| 117|0x0000000088f00000, 0x0000000088f00000, 0x0000000089000000|  0%| F|  |TAMS 0x0000000088f00000, 0x0000000088f00000| Untracked 
| 118|0x0000000089000000, 0x0000000089000000, 0x0000000089100000|  0%| F|  |TAMS 0x0000000089000000, 0x0000000089000000| Untracked 
| 119|0x0000000089100000, 0x0000000089100000, 0x0000000089200000|  0%| F|  |TAMS 0x0000000089100000, 0x0000000089100000| Untracked 
| 120|0x0000000089200000, 0x0000000089200000, 0x0000000089300000|  0%| F|  |TAMS 0x0000000089200000, 0x0000000089200000| Untracked 
| 121|0x0000000089300000, 0x0000000089300800, 0x0000000089400000|  0%| E|  |TAMS 0x0000000089300000, 0x0000000089300000| Complete 
| 122|0x0000000089400000, 0x0000000089500000, 0x0000000089500000|100%| E|CS|TAMS 0x0000000089400000, 0x0000000089400000| Complete 
| 123|0x0000000089500000, 0x0000000089600000, 0x0000000089600000|100%| E|CS|TAMS 0x0000000089500000, 0x0000000089500000| Complete 
| 124|0x0000000089600000, 0x0000000089700000, 0x0000000089700000|100%| E|CS|TAMS 0x0000000089600000, 0x0000000089600000| Complete 
| 125|0x0000000089700000, 0x0000000089800000, 0x0000000089800000|100%| E|CS|TAMS 0x0000000089700000, 0x0000000089700000| Complete 
| 126|0x0000000089800000, 0x0000000089900000, 0x0000000089900000|100%| E|CS|TAMS 0x0000000089800000, 0x0000000089800000| Complete 
| 127|0x0000000089900000, 0x0000000089a00000, 0x0000000089a00000|100%| E|CS|TAMS 0x0000000089900000, 0x0000000089900000| Complete 

Card table byte_map: [0x0000013175fc0000,0x00000131763c0000] _byte_map_base: 0x0000013175bb3000

Marking Bits (Prev, Next): (CMBitMap*) 0x000001315de5ebc8, (CMBitMap*) 0x000001315de5ec00
 Prev Bits: [0x00000131767c0000, 0x0000013178758000)
 Next Bits: [0x0000013178760000, 0x000001317a6f8000)

Polling page: 0x000001315c630000

Metaspace:

Usage:
  Non-class:     17.12 MB capacity,    16.85 MB ( 98%) used,   229.27 KB (  1%) free+waste,    50.31 KB ( <1%) overhead. 
      Class:      2.08 MB capacity,     1.90 MB ( 91%) used,   161.90 KB (  8%) free+waste,    25.25 KB (  1%) overhead. 
       Both:     19.20 MB capacity,    18.74 MB ( 98%) used,   391.17 KB (  2%) free+waste,    75.56 KB ( <1%) overhead. 

Virtual space:
  Non-class space:       18.00 MB reserved,      17.25 MB ( 96%) committed 
      Class space:        1.00 GB reserved,       2.13 MB ( <1%) committed 
             Both:        1.02 GB reserved,      19.38 MB (  2%) committed 

Chunk freelists:
   Non-Class:  384 bytes
       Class:  2.00 KB
        Both:  2.38 KB

CodeHeap 'non-profiled nmethods': size=120000Kb used=923Kb max_used=923Kb free=119077Kb
 bounds [0x000001316dc20000, 0x000001316de90000, 0x0000013175150000]
CodeHeap 'profiled nmethods': size=120000Kb used=4827Kb max_used=4827Kb free=115172Kb
 bounds [0x00000131666f0000, 0x0000013166bb0000, 0x000001316dc20000]
CodeHeap 'non-nmethods': size=5760Kb used=1307Kb max_used=1388Kb free=4452Kb
 bounds [0x0000013166150000, 0x00000131663c0000, 0x00000131666f0000]
 total_blobs=3306 nmethods=2239 adapters=514
 compilation: enabled
              stopped_count=0, restarted_count=0
 full_count=0

Compilation events (10 events):
Event: 4910.302 Thread 0x000001317d217000 2338       3       org.eclipse.jdt.launching.internal.org.objectweb.asm.SymbolTable::hash (20 bytes)
Event: 4910.302 Thread 0x000001317d217000 nmethod 2338 0x0000013166ba5910 code [0x0000013166ba5ae0, 0x0000013166ba5d10]
Event: 4910.302 Thread 0x000001317d217000 2336       3       org.eclipse.jdt.launching.internal.org.objectweb.asm.MethodWriter::visitMethodInsn (191 bytes)
Event: 4910.349 Thread 0x000001317d217000 nmethod 2336 0x0000013166ba5e90 code [0x0000013166ba60e0, 0x0000013166ba6a30]
Event: 4910.349 Thread 0x000001317d217000 2335       3       org.eclipse.jdt.launching.internal.org.objectweb.asm.MethodWriter::visitLineNumber (50 bytes)
Event: 4910.349 Thread 0x000001317d217000 nmethod 2335 0x0000013166ba6d90 code [0x0000013166ba6f80, 0x0000013166ba7480]
Event: 4910.349 Thread 0x000001317d217000 2339       1       org.eclipse.jdt.launching.internal.org.objectweb.asm.SymbolTable::getMajorVersion (5 bytes)
Event: 4910.350 Thread 0x000001317d217000 nmethod 2339 0x000001316dd06890 code [0x000001316dd06a40, 0x000001316dd06b58]
Event: 5076.724 Thread 0x000001317d217000 2340       3       org.eclipse.jdt.launching.internal.org.objectweb.asm.Label::resolve (219 bytes)
Event: 5076.726 Thread 0x000001317d217000 nmethod 2340 0x0000013166ba7690 code [0x0000013166ba7880, 0x0000013166ba7e58]

GC Heap History (2 events):
Event: 83.708 GC heap before
{Heap before GC invocations=0 (full 0):
 garbage-first heap   total 131072K, used 23552K [0x0000000081a00000, 0x0000000100000000)
  region size 1024K, 24 young (24576K), 0 survivors (0K)
 Metaspace       used 19059K, capacity 19533K, committed 19584K, reserved 1067008K
  class space    used 1935K, capacity 2128K, committed 2176K, reserved 1048576K
}
Event: 83.725 GC heap after
{Heap after GC invocations=1 (full 0):
 garbage-first heap   total 131072K, used 3136K [0x0000000081a00000, 0x0000000100000000)
  region size 1024K, 3 young (3072K), 3 survivors (3072K)
 Metaspace       used 19059K, capacity 19533K, committed 19584K, reserved 1067008K
  class space    used 1935K, capacity 2128K, committed 2176K, reserved 1048576K
}

Deoptimization events (10 events):
Event: 0.516 Thread 0x000001317e53a000 Uncommon trap: reason=class_check action=maybe_recompile pc=0x000001316dc76410 method=java.util.HashMap.putVal(ILjava/lang/Object;Ljava/lang/Object;ZZ)Ljava/lang/Object; @ 91 c2
Event: 9.463 Thread 0x0000013101f0b000 Uncommon trap: reason=class_check action=maybe_recompile pc=0x000001316dc2b8e0 method=java.lang.String.equals(Ljava/lang/Object;)Z @ 8 c2
Event: 9.463 Thread 0x0000013101f0b000 Uncommon trap: reason=class_check action=maybe_recompile pc=0x000001316dc2b8e0 method=java.lang.String.equals(Ljava/lang/Object;)Z @ 8 c2
Event: 10.366 Thread 0x0000013101f0b000 Uncommon trap: reason=class_check action=maybe_recompile pc=0x000001316dc2b8e0 method=java.lang.String.equals(Ljava/lang/Object;)Z @ 8 c2
Event: 10.366 Thread 0x0000013101f0b000 Uncommon trap: reason=class_check action=maybe_recompile pc=0x000001316dc2b8e0 method=java.lang.String.equals(Ljava/lang/Object;)Z @ 8 c2
Event: 28.754 Thread 0x0000013101f0b000 Uncommon trap: reason=intrinsic_or_type_checked_inlining action=make_not_entrant pc=0x000001316dcacfcc method=java.util.Arrays.copyOf([Ljava/lang/Object;ILjava/lang/Class;)[Ljava/lang/Object; @ 35 c2
Event: 83.725 Thread 0x000001315de1c000 Uncommon trap: reason=unstable_if action=reinterpret pc=0x000001316dcc33d0 method=java.lang.ref.SoftReference.get()Ljava/lang/Object; @ 17 c2
Event: 83.725 Thread 0x000001315de1c000 Uncommon trap: reason=unstable_if action=reinterpret pc=0x000001316dc2d3e8 method=java.lang.ref.SoftReference.get()Ljava/lang/Object; @ 17 c2
Event: 93.823 Thread 0x0000013101f0b000 Uncommon trap: reason=unstable_if action=reinterpret pc=0x000001316dcfe8bc method=javax.swing.SwingUtilities.computeIntersection(IIIILjava/awt/Rectangle;)Ljava/awt/Rectangle; @ 34 c2
Event: 400.767 Thread 0x000001317e53a000 Uncommon trap: reason=unstable_if action=reinterpret pc=0x000001316dcfd710 method=sun.awt.AWTAutoShutdown.setToolkitBusy(Z)V @ 38 c2

Classes redefined (4 events):
Event: 379.269 Thread 0x000001317d1c4800 redefined class name=cursojava.executavel.PrimeiraClasseJava, count=1
Event: 438.745 Thread 0x000001317d1c4800 redefined class name=cursojava.executavel.PrimeiraClasseJava, count=2
Event: 4910.342 Thread 0x000001317d1c4800 redefined class name=cursojava.executavel.PrimeiraClasseJava, count=3
Event: 5076.739 Thread 0x000001317d1c4800 redefined class name=cursojava.executavel.PrimeiraClasseJava, count=4

Internal exceptions (10 events):
Event: 0.373 Thread 0x000001315de1c000 Exception <a 'java/lang/NoSuchMethodError'{0x0000000088fa2a10}: java.lang.invoke.DirectMethodHandle$Holder.invokeStatic(Ljava/lang/Object;ILjava/lang/Object;Ljava/lang/Object;Ljava/lang/Object;)Ljava/lang/Object;> (0x0000000088fa2a10) thrown at [t:/worksp
Event: 0.373 Thread 0x000001315de1c000 Exception <a 'java/lang/NoSuchMethodError'{0x0000000088fa6550}: java.lang.invoke.DirectMethodHandle$Holder.invokeSpecial(Ljava/lang/Object;Ljava/lang/Object;ILjava/lang/Object;Ljava/lang/Object;Ljava/lang/Object;)Ljava/lang/Object;> (0x0000000088fa6550) t
Event: 0.393 Thread 0x000001315de1c000 Exception <a 'java/lang/ClassNotFoundException'{0x0000000088ea2268}: com/sun/swing/internal/plaf/metal/resources/spi/metalProvider> (0x0000000088ea2268) thrown at [t:/workspace/open/src/hotspot/share/classfile/systemDictionary.cpp, line 231]
Event: 0.394 Thread 0x000001315de1c000 Exception <a 'java/lang/ClassNotFoundException'{0x0000000088ea8db8}: com/sun/swing/internal/plaf/basic/resources/spi/basicProvider> (0x0000000088ea8db8) thrown at [t:/workspace/open/src/hotspot/share/classfile/systemDictionary.cpp, line 231]
Event: 0.397 Thread 0x000001315de1c000 Exception <a 'java/lang/NoSuchMethodError'{0x0000000088ee4698}: java.lang.invoke.DirectMethodHandle$Holder.invokeStatic(Ljava/lang/Object;Ljava/lang/Object;Ljava/lang/Object;Ljava/lang/Object;Ljava/lang/Object;Ljava/lang/Object;Ljava/lang/Object;Ljava/lan
Event: 0.399 Thread 0x000001315de1c000 Exception <a 'java/lang/NoSuchMethodError'{0x0000000088d04c78}: java.lang.invoke.DirectMethodHandle$Holder.invokeStatic(Ljava/lang/Object;Ljava/lang/Object;Ljava/lang/Object;Ljava/lang/Object;Ljava/lang/Object;Ljava/lang/Object;Ljava/lang/Object;Ljava/lan
Event: 0.400 Thread 0x000001315de1c000 Exception <a 'java/lang/NoSuchMethodError'{0x0000000088d24b98}: java.lang.invoke.DirectMethodHandle$Holder.invokeStatic(Ljava/lang/Object;Ljava/lang/Object;Ljava/lang/Object;Ljava/lang/Object;Ljava/lang/Object;Ljava/lang/Object;Ljava/lang/Object;Ljava/lan
Event: 0.401 Thread 0x000001315de1c000 Exception <a 'java/lang/NoSuchMethodError'{0x0000000088d46210}: java.lang.invoke.DirectMethodHandle$Holder.invokeStatic(Ljava/lang/Object;Ljava/lang/Object;Ljava/lang/Object;Ljava/lang/Object;Ljava/lang/Object;Ljava/lang/Object;Ljava/lang/Object;Ljava/lan
Event: 0.529 Thread 0x000001315de1c000 Exception <a 'java/lang/NoSuchMethodError'{0x000000008883baf8}: java.lang.invoke.DirectMethodHandle$Holder.invokeStaticInit(Ljava/lang/Object;)V> (0x000000008883baf8) thrown at [t:/workspace/open/src/hotspot/share/interpreter/linkResolver.cpp, line 772]
Event: 0.538 Thread 0x000001315de1c000 Exception <a 'java/lang/NoSuchMethodError'{0x0000000088894398}: java.lang.invoke.Invokers$Holder.linkToTargetMethod(Ljava/lang/Object;ILjava/lang/Object;)Ljava/lang/Object;> (0x0000000088894398) thrown at [t:/workspace/open/src/hotspot/share/interpreter/l

Events (10 events):
Event: 5131.734 Executing VM operation: GetOwnedMonitorInfo done
Event: 5131.735 Executing VM operation: GetCurrentContendedMonitor
Event: 5131.735 Executing VM operation: GetCurrentContendedMonitor done
Event: 5131.751 Executing VM operation: GetFrameCount
Event: 5131.752 Executing VM operation: GetFrameCount done
Event: 5131.752 Executing VM operation: GetOwnedMonitorInfo
Event: 5131.752 Executing VM operation: GetOwnedMonitorInfo done
Event: 5131.752 Executing VM operation: GetCurrentContendedMonitor
Event: 5131.752 Executing VM operation: GetCurrentContendedMonitor done
Event: 5138.353 Executing VM operation: GetOrSetLocal


Dynamic libraries:
0x00007ff6d52f0000 - 0x00007ff6d5337000 	C:\Program Files\Java\jdk-11.0.1\bin\javaw.exe
0x00007ffa91a90000 - 0x00007ffa91c85000 	C:\WINDOWS\SYSTEM32\ntdll.dll
0x00007ffa58610000 - 0x00007ffa58623000 	C:\Program Files\AVAST Software\Avast\aswhook.dll
0x00007ffa91980000 - 0x00007ffa91a3d000 	C:\WINDOWS\System32\KERNEL32.DLL
0x00007ffa8f620000 - 0x00007ffa8f8e8000 	C:\WINDOWS\System32\KERNELBASE.dll
0x00007ffa8fb50000 - 0x00007ffa8fbfc000 	C:\WINDOWS\System32\ADVAPI32.dll
0x00007ffa918e0000 - 0x00007ffa9197e000 	C:\WINDOWS\System32\msvcrt.dll
0x00007ffa91300000 - 0x00007ffa9139b000 	C:\WINDOWS\System32\sechost.dll
0x00007ffa91750000 - 0x00007ffa9187b000 	C:\WINDOWS\System32\RPCRT4.dll
0x00007ffa913a0000 - 0x00007ffa91540000 	C:\WINDOWS\System32\USER32.dll
0x00007ffa8f9c0000 - 0x00007ffa8f9e2000 	C:\WINDOWS\System32\win32u.dll
0x00007ffa91210000 - 0x00007ffa9123a000 	C:\WINDOWS\System32\GDI32.dll
0x00007ffa8f1d0000 - 0x00007ffa8f2db000 	C:\WINDOWS\System32\gdi32full.dll
0x00007ffa8f920000 - 0x00007ffa8f9bd000 	C:\WINDOWS\System32\msvcp_win.dll
0x00007ffa8f9f0000 - 0x00007ffa8faf0000 	C:\WINDOWS\System32\ucrtbase.dll
0x00007ffa82620000 - 0x00007ffa828ba000 	C:\WINDOWS\WinSxS\amd64_microsoft.windows.common-controls_6595b64144ccf1df_6.0.19041.844_none_ca00b6081b84eb1d\COMCTL32.dll
0x00007ffa86ec0000 - 0x00007ffa86eca000 	C:\WINDOWS\SYSTEM32\VERSION.dll
0x00007ffa912c0000 - 0x00007ffa912f0000 	C:\WINDOWS\System32\IMM32.DLL
0x00007ffa84b10000 - 0x00007ffa84b26000 	C:\Program Files\Java\jdk-11.0.1\bin\vcruntime140.dll
0x00007ffa84a60000 - 0x00007ffa84b0a000 	C:\Program Files\Java\jdk-11.0.1\bin\msvcp140.dll
0x00007ffa1f0c0000 - 0x00007ffa1fc02000 	C:\Program Files\Java\jdk-11.0.1\bin\server\jvm.dll
0x00007ffa90350000 - 0x00007ffa90358000 	C:\WINDOWS\System32\PSAPI.DLL
0x00007ffa8c3c0000 - 0x00007ffa8c3c9000 	C:\WINDOWS\SYSTEM32\WSOCK32.dll
0x00007ffa811a0000 - 0x00007ffa811c7000 	C:\WINDOWS\SYSTEM32\WINMM.dll
0x00007ffa91540000 - 0x00007ffa915ab000 	C:\WINDOWS\System32\WS2_32.dll
0x00007ffa8de20000 - 0x00007ffa8de32000 	C:\WINDOWS\SYSTEM32\kernel.appcore.dll
0x00007ffa597e0000 - 0x00007ffa597f1000 	C:\Program Files\Java\jdk-11.0.1\bin\verify.dll
0x00007ffa8d7c0000 - 0x00007ffa8d9a4000 	C:\WINDOWS\SYSTEM32\DBGHELP.DLL
0x00007ffa8be90000 - 0x00007ffa8bebc000 	C:\WINDOWS\SYSTEM32\dbgcore.DLL
0x00007ffa8f390000 - 0x00007ffa8f410000 	C:\WINDOWS\System32\bcryptPrimitives.dll
0x00007ffa53380000 - 0x00007ffa533a9000 	C:\Program Files\Java\jdk-11.0.1\bin\java.dll
0x00007ffa84a20000 - 0x00007ffa84a57000 	C:\Program Files\Java\jdk-11.0.1\bin\jdwp.dll
0x00007ffa849f0000 - 0x00007ffa84a1f000 	C:\Program Files\Java\jdk-11.0.1\bin\instrument.dll
0x00007ffa594e0000 - 0x00007ffa594f6000 	C:\Program Files\Java\jdk-11.0.1\bin\zip.dll
0x00007ffa81c40000 - 0x00007ffa81c4a000 	C:\Program Files\Java\jdk-11.0.1\bin\jimage.dll
0x00007ffa8fc00000 - 0x00007ffa90342000 	C:\WINDOWS\System32\SHELL32.dll
0x00007ffa8d010000 - 0x00007ffa8d7a1000 	C:\WINDOWS\SYSTEM32\windows.storage.dll
0x00007ffa90980000 - 0x00007ffa90cd5000 	C:\WINDOWS\System32\combase.dll
0x00007ffa8ec40000 - 0x00007ffa8ec6c000 	C:\WINDOWS\SYSTEM32\Wldp.dll
0x00007ffa915b0000 - 0x00007ffa9165e000 	C:\WINDOWS\System32\SHCORE.dll
0x00007ffa91880000 - 0x00007ffa918d5000 	C:\WINDOWS\System32\shlwapi.dll
0x00007ffa8f110000 - 0x00007ffa8f12f000 	C:\WINDOWS\SYSTEM32\profapi.dll
0x00007ffa81d50000 - 0x00007ffa81d5a000 	C:\Program Files\Java\jdk-11.0.1\bin\dt_socket.dll
0x00007ffa8e9b0000 - 0x00007ffa8ea1a000 	C:\WINDOWS\System32\mswsock.dll
0x00007ffa8e740000 - 0x00007ffa8e80c000 	C:\WINDOWS\SYSTEM32\DNSAPI.dll
0x00007ffa8e630000 - 0x00007ffa8e66b000 	C:\WINDOWS\SYSTEM32\IPHLPAPI.DLL
0x00007ffa91a40000 - 0x00007ffa91a48000 	C:\WINDOWS\System32\NSI.dll
0x00007ffa83830000 - 0x00007ffa838af000 	C:\WINDOWS\System32\fwpuclnt.dll
0x00007ffa8f8f0000 - 0x00007ffa8f917000 	C:\WINDOWS\System32\bcrypt.dll
0x00007ffa83290000 - 0x00007ffa8329a000 	C:\Windows\System32\rasadhlp.dll
0x00007ffa53140000 - 0x00007ffa53159000 	C:\Program Files\Java\jdk-11.0.1\bin\net.dll
0x00007ffa838b0000 - 0x00007ffa839bb000 	C:\WINDOWS\SYSTEM32\WINHTTP.dll
0x00007ffa53120000 - 0x00007ffa53133000 	C:\Program Files\Java\jdk-11.0.1\bin\nio.dll
0x00007ffa37750000 - 0x00007ffa378ef000 	C:\Program Files\Java\jdk-11.0.1\bin\awt.dll
0x00007ffa90ef0000 - 0x00007ffa90fbd000 	C:\WINDOWS\System32\OLEAUT32.dll
0x00007ffa8a820000 - 0x00007ffa8ade0000 	C:\WINDOWS\SYSTEM32\d2d1.dll
0x00007ffa8a610000 - 0x00007ffa8a6a0000 	C:\WINDOWS\SYSTEM32\apphelp.dll
0x00007ffa8b470000 - 0x00007ffa8b50e000 	C:\WINDOWS\system32\uxtheme.dll
0x00007ffa90fc0000 - 0x00007ffa910d5000 	C:\WINDOWS\System32\MSCTF.dll
0x00007ffa90ce0000 - 0x00007ffa90e0a000 	C:\WINDOWS\System32\ole32.dll
0x00007ffa8be60000 - 0x00007ffa8be8f000 	C:\WINDOWS\system32\DWMAPI.DLL
0x00007ffa80fd0000 - 0x00007ffa81050000 	C:\Program Files\Java\jdk-11.0.1\bin\freetype.dll
0x00007ffa7a950000 - 0x00007ffa7a9bf000 	C:\Program Files\Java\jdk-11.0.1\bin\fontmanager.dll
0x00007ffa5b880000 - 0x00007ffa5b9a6000 	C:\WINDOWS\system32\opengl32.dll
0x00007ffa779b0000 - 0x00007ffa779dc000 	C:\WINDOWS\SYSTEM32\GLU32.dll
0x00007ffa86ef0000 - 0x00007ffa86f2b000 	C:\WINDOWS\SYSTEM32\dxcore.dll
0x00007ffa8f410000 - 0x00007ffa8f45e000 	C:\WINDOWS\System32\cfgmgr32.dll
0x00007ffa910e0000 - 0x00007ffa91189000 	C:\WINDOWS\System32\clbcatq.dll
0x00007ffa5a790000 - 0x00007ffa5a944000 	C:\WINDOWS\SYSTEM32\WindowsCodecs.dll
0x00007ffa54ae0000 - 0x00007ffa54b1e000 	C:\WINDOWS\system32\dataexchange.dll
0x00007ffa89970000 - 0x00007ffa89b55000 	C:\WINDOWS\system32\dcomp.dll
0x00007ffa8c0f0000 - 0x00007ffa8c354000 	C:\WINDOWS\system32\d3d11.dll
0x00007ffa8db20000 - 0x00007ffa8dc13000 	C:\WINDOWS\system32\dxgi.dll
0x00007ffa85d70000 - 0x00007ffa85f71000 	C:\WINDOWS\system32\twinapi.appcore.dll
0x00007ffa87de0000 - 0x00007ffa87ed9000 	C:\WINDOWS\SYSTEM32\textinputframework.dll
0x00007ffa89cb0000 - 0x00007ffa8a00e000 	C:\WINDOWS\System32\CoreUIComponents.dll
0x00007ffa8a4e0000 - 0x00007ffa8a5d2000 	C:\WINDOWS\System32\CoreMessaging.dll
0x00007ffa8a6a0000 - 0x00007ffa8a7f4000 	C:\WINDOWS\SYSTEM32\wintypes.dll
0x00007ffa8df10000 - 0x00007ffa8df43000 	C:\WINDOWS\SYSTEM32\ntmarta.dll

dbghelp: loaded successfully - version: 4.0.5 - missing functions: none
symbol engine: initialized successfully - sym options: 0x614 - pdb path: .;C:\Program Files\Java\jdk-11.0.1\bin;C:\WINDOWS\SYSTEM32;C:\Program Files\AVAST Software\Avast;C:\WINDOWS\WinSxS\amd64_microsoft.windows.common-controls_6595b64144ccf1df_6.0.19041.844_none_ca00b6081b84eb1d;C:\Program Files\Java\jdk-11.0.1\bin\server

VM Arguments:
jvm_args: -agentlib:jdwp=transport=dt_socket,suspend=y,address=localhost:51067 -javaagent:C:\eclipse\configuration\org.eclipse.osgi\409\0\.cp\lib\javaagent-shaded.jar -Dfile.encoding=Cp1252 
java_command: cursojava.executavel.PrimeiraClasseJava
java_class_path (initial): C:\Users\Escorpião-pc\git\repository\primeiro-programa-java\bin
Launcher Type: SUN_STANDARD

[Global flags]
     intx CICompilerCount                          = 4                                         {product} {ergonomic}
     uint ConcGCThreads                            = 2                                         {product} {ergonomic}
     uint G1ConcRefinementThreads                  = 8                                         {product} {ergonomic}
   size_t G1HeapRegionSize                         = 1048576                                   {product} {ergonomic}
    uintx GCDrainStackTargetSize                   = 64                                        {product} {ergonomic}
   size_t InitialHeapSize                          = 134217728                                 {product} {ergonomic}
   size_t MarkStackSize                            = 4194304                                   {product} {ergonomic}
   size_t MaxHeapSize                              = 2120220672                                {product} {ergonomic}
   size_t MaxNewSize                               = 1271922688                                {product} {ergonomic}
   size_t MinHeapDeltaBytes                        = 1048576                                   {product} {ergonomic}
    uintx NonNMethodCodeHeapSize                   = 5835340                                {pd product} {ergonomic}
    uintx NonProfiledCodeHeapSize                  = 122911450                              {pd product} {ergonomic}
    uintx ProfiledCodeHeapSize                     = 122911450                              {pd product} {ergonomic}
    uintx ReservedCodeCacheSize                    = 251658240                              {pd product} {ergonomic}
     bool SegmentedCodeCache                       = true                                      {product} {ergonomic}
     bool UseCompressedClassPointers               = true                                 {lp64_product} {ergonomic}
     bool UseCompressedOops                        = true                                 {lp64_product} {ergonomic}
     bool UseG1GC                                  = true                                      {product} {ergonomic}
     bool UseLargePagesIndividualAllocation        = false                                  {pd product} {ergonomic}

Logging:
Log output configuration:
 #0: stdout all=warning uptime,level,tags
 #1: stderr all=off uptime,level,tags

Environment Variables:
JAVA_HOME=C:\Program Files\Java\jdk-11.0.1
CLASSPATH=.;C:\Program Files\Java\jdk-11.0.1\lib;
PATH=C:/Program Files/Java/jdk-11.0.1/bin/server;C:/Program Files/Java/jdk-11.0.1/bin;"C:\Program Files (x86)\Common Files\Intel\Shared Files\cpp\bin\Intel64;C:\Program Files\Java\jdk-11.0.1\bin";C:\windows\system32;C:\windows;C:\windows\System32\Wbem;C:\windows\System32\WindowsPowerShell\v1.0\;C:\windows\System32\OpenSSH\;C:\Program Files (x86)\NVIDIA Corporation\PhysX\Common;C:\Program Files\NVIDIA Corporation\NVIDIA NvDLISR;C:\Program Files (x86)\Microsoft SQL Server\140\Tools\Binn\;C:\Program Files\Microsoft SQL Server\140\Tools\Binn\;C:\Program Files (x86)\Microsoft SQL Server\140\DTS\Binn\;C:\Program Files\Microsoft SQL Server\140\DTS\Binn\;C:\Program Files\Microsoft SQL Server\Client SDK\ODBC\130\Tools\Binn\;C:\Program Files (x86)\Microsoft SQL Server\150\DTS\Binn\;C:\Program Files\Azure Data Studio\bin;C:\ProgramData\UNIVALI\Portugol Studio;C:\Program Files\Git\cmd;C:\gradle-6.8.1\bin;C:\Program Files\nodejs\;C:\WINDOWS\system32;C:\WINDOWS;C:\WINDOWS\System32\Wbem;C:\WINDOWS\System32\WindowsPowerShell\v1.0\;C:\WINDOWS\System32\OpenSSH\;C:\Program Files\Java\jdk-11.0.1\bin;C:\Program Files (x86)\Microsoft SQL Server\100\Tools\Binn\;C:\Program Files\Microsoft SQL Server\100\Tools\Binn\;C:\Program Files\Microsoft SQL Server\100\DTS\Binn\;C:\Program Files (x86)\Microsoft SQL Server\100\Tools\Binn\VSShell\Common7\IDE\;C:\Program Files (x86)\Microsoft SQL Server\100\DTS\Binn\;C:\Users\Escorpião-pc\AppData\Local\Microsoft\WindowsApps;C:\Program Files\Azure Data Studio\bin;C:\Users\Escorpião-pc\AppData\Local\Programs\Microsoft VS Code\bin;C:\Program Files\apache-maven-3.6.3\bin;C:\Users\Escorpião-pc\AppData\Roaming\npm;;C:\eclipse;
USERNAME=Escorpião-pc
OS=Windows_NT
PROCESSOR_IDENTIFIER=Intel64 Family 6 Model 142 Stepping 12, GenuineIntel



---------------  S Y S T E M  ---------------

OS: Windows 10 , 64 bit Build 19041 (10.0.19041.928)

CPU:total 8 (initial active 8) (4 cores per cpu, 2 threads per core) family 6 model 142 stepping 12, cmov, cx8, fxsr, mmx, sse, sse2, sse3, ssse3, sse4.1, sse4.2, popcnt, avx, avx2, aes, clmul, erms, 3dnowpref, lzcnt, ht, tsc, tscinvbit, bmi1, bmi2, adx, fma

Memory: 4k page, system-wide physical 8083M (4020M free)
TotalPageFile size 13971M (AvailPageFile size 5389M)
current process WorkingSet (physical memory assigned to process): 35M, peak: 120M
current process commit charge ("private bytes"): 229M, peak: 301M

vm_info: Java HotSpot(TM) 64-Bit Server VM (11.0.1+13-LTS) for windows-amd64 JRE (11.0.1+13-LTS), built on Oct  6 2018 13:20:16 by "mach5one" with MS VC++ 15.5 (VS2017)

END.
