#
# A fatal error has been detected by the Java Runtime Environment:
#
#  Internal Error (./open/src/hotspot/share/oops/generateOopMap.cpp:2164), pid=10360, tid=4908
#  fatal error: Illegal class file encountered. Try running with -Xverify:all in method main
#
# JRE version: Java(TM) SE Runtime Environment 18.9 (11.0.11+9) (build 11.0.11+9-LTS-194)
# Java VM: Java HotSpot(TM) 64-Bit Server VM 18.9 (11.0.11+9-LTS-194, mixed mode, tiered, compressed oops, g1 gc, windows-amd64)
# No core dump will be written. Minidumps are not enabled by default on client versions of Windows
#
# If you would like to submit a bug report, please visit:
#   https://bugreport.java.com/bugreport/crash.jsp
#

---------------  S U M M A R Y ------------

Command Line: -agentlib:jdwp=transport=dt_socket,suspend=y,address=localhost:58089 -javaagent:C:\eclipse\configuration\org.eclipse.osgi\1301\0\.cp\lib\javaagent-shaded.jar -Dfile.encoding=Cp1252 cursojava.executavel.ArryVetor

Host: Intel(R) Core(TM) i5-8265U CPU @ 1.60GHz, 8 cores, 7G,  Windows 10 , 64 bit Build 19041 (10.0.19041.1023)
Time: Mon Jul 12 07:23:44 2021 Hora oficial do Brasil elapsed time: 2094.360882 seconds (0d 0h 34m 54s)

---------------  T H R E A D  ---------------

Current thread (0x000001c3ba1ee800):  VMThread "VM Thread" [stack: 0x000000074f500000,0x000000074f600000] [id=4908]

Stack: [0x000000074f500000,0x000000074f600000]
[error occurred during error reporting (printing stack bounds), id 0xc0000005, EXCEPTION_ACCESS_VIOLATION (0xc0000005) at pc=0x000001c3a3940f2d]

Native frames: (J=compiled Java code, j=interpreted, Vv=VM code, C=native code)
V  [jvm.dll+0x616f2a]
V  [jvm.dll+0x74de7f]
V  [jvm.dll+0x74f505]
V  [jvm.dll+0x74fae5]
V  [jvm.dll+0x74fa9b]
V  [jvm.dll+0x616763]
V  [jvm.dll+0x616b28]
C  [ntdll.dll+0xa217f]
C  [ntdll.dll+0x51454]
C  [ntdll.dll+0xa0cae]
C  0x000001c3a3940f2d

VM_Operation (0x000000074ffff080): GetOrSetLocal, mode: safepoint, requested by thread 0x000001c3baebc800


---------------  P R O C E S S  ---------------

Threads class SMR info:
_java_thread_list=0x000001c3bb2b9210, length=13, elements={
0x000001c39b49c000, 0x000001c3ba1f0800, 0x000001c3ba21a000, 0x000001c3ba228000,
0x000001c3ba22b000, 0x000001c3ba22e000, 0x000001c3ba23b000, 0x000001c3ba23e000,
0x000001c3ba1ab000, 0x000001c3baebc800, 0x000001c3baebf000, 0x000001c3baf3a000,
0x000001c3bb00a000
}

Java Threads: ( => current thread )
  0x000001c39b49c000 JavaThread "main" [_thread_blocked, id=7840, stack(0x000000074ef00000,0x000000074f000000)]
  0x000001c3ba1f0800 JavaThread "Reference Handler" daemon [_thread_blocked, id=2284, stack(0x000000074f600000,0x000000074f700000)]
  0x000001c3ba21a000 JavaThread "Finalizer" daemon [_thread_blocked, id=2084, stack(0x000000074f700000,0x000000074f800000)]
  0x000001c3ba228000 JavaThread "Signal Dispatcher" daemon [_thread_blocked, id=15504, stack(0x000000074f800000,0x000000074f900000)]
  0x000001c3ba22b000 JavaThread "Attach Listener" daemon [_thread_blocked, id=14220, stack(0x000000074f900000,0x000000074fa00000)]
  0x000001c3ba22e000 JavaThread "C2 CompilerThread0" daemon [_thread_blocked, id=932, stack(0x000000074fa00000,0x000000074fb00000)]
  0x000001c3ba23b000 JavaThread "C1 CompilerThread0" daemon [_thread_blocked, id=4572, stack(0x000000074fb00000,0x000000074fc00000)]
  0x000001c3ba23e000 JavaThread "Sweeper thread" daemon [_thread_blocked, id=16248, stack(0x000000074fc00000,0x000000074fd00000)]
  0x000001c3ba1ab000 JavaThread "Common-Cleaner" daemon [_thread_blocked, id=7164, stack(0x000000074fd00000,0x000000074fe00000)]
  0x000001c3baebc800 JavaThread "JDWP Transport Listener: dt_socket" daemon [_thread_blocked, id=9072, stack(0x000000074ff00000,0x0000000750000000)] _threads_hazard_ptr=0x000001c3bb2b9210
  0x000001c3baebf000 JavaThread "JDWP Event Helper Thread" daemon [_thread_blocked, id=8836, stack(0x0000000750000000,0x0000000750100000)]
  0x000001c3baf3a000 JavaThread "JDWP Command Reader" daemon [_thread_in_native, id=9540, stack(0x0000000750100000,0x0000000750200000)]
  0x000001c3bb00a000 JavaThread "Service Thread" daemon [_thread_blocked, id=11932, stack(0x0000000750300000,0x0000000750400000)]

Other Threads:
=>0x000001c3ba1ee800 VMThread "VM Thread" [stack: 0x000000074f500000,0x000000074f600000] [id=4908]
  0x000001c3bae26000 WatcherThread [stack: 0x0000000750400000,0x0000000750500000] [id=15692]
  0x000001c39b4b0000 GCTaskThread "GC Thread#0" [stack: 0x000000074f000000,0x000000074f100000] [id=8672]
  0x000001c39935e800 ConcurrentGCThread "G1 Main Marker" [stack: 0x000000074f100000,0x000000074f200000] [id=3016]
  0x000001c39b4e1800 ConcurrentGCThread "G1 Conc#0" [stack: 0x000000074f200000,0x000000074f300000] [id=6448]
  0x000001c39b56e000 ConcurrentGCThread "G1 Refine#0" [stack: 0x000000074f300000,0x000000074f400000] [id=15812]
  0x000001c3ba05a800 ConcurrentGCThread "G1 Young RemSet Sampling" [stack: 0x000000074f400000,0x000000074f500000] [id=12684]

Threads with active compile tasks:

VM state:at safepoint (normal execution)

VM Mutex/Monitor currently owned by a thread:  ([mutex/lock_event])
[0x000001c39b4997c0] Threads_lock - owner thread: 0x000001c3ba1ee800

Heap address: 0x0000000081a00000, size: 2022 MB, Compressed Oops mode: 32-bit
Narrow klass base: 0x0000000000000000, Narrow klass shift: 3
Compressed class space size: 1073741824 Address: 0x0000000100000000

Heap:
 garbage-first heap   total 131072K, used 5120K [0x0000000081a00000, 0x0000000100000000)
  region size 1024K, 6 young (6144K), 0 survivors (0K)
 Metaspace       used 9110K, capacity 9312K, committed 9600K, reserved 1058816K
  class space    used 810K, capacity 844K, committed 896K, reserved 1048576K
Heap Regions: E=young(eden), S=young(survivor), O=old, HS=humongous(starts), HC=humongous(continues), CS=collection set, F=free, A=archive, TAMS=top-at-mark-start (previous, next)
|   0|0x0000000081a00000, 0x0000000081a00000, 0x0000000081b00000|  0%| F|  |TAMS 0x0000000081a00000, 0x0000000081a00000| Untracked 
|   1|0x0000000081b00000, 0x0000000081b00000, 0x0000000081c00000|  0%| F|  |TAMS 0x0000000081b00000, 0x0000000081b00000| Untracked 
|   2|0x0000000081c00000, 0x0000000081c00000, 0x0000000081d00000|  0%| F|  |TAMS 0x0000000081c00000, 0x0000000081c00000| Untracked 
|   3|0x0000000081d00000, 0x0000000081d00000, 0x0000000081e00000|  0%| F|  |TAMS 0x0000000081d00000, 0x0000000081d00000| Untracked 
|   4|0x0000000081e00000, 0x0000000081e00000, 0x0000000081f00000|  0%| F|  |TAMS 0x0000000081e00000, 0x0000000081e00000| Untracked 
|   5|0x0000000081f00000, 0x0000000081f00000, 0x0000000082000000|  0%| F|  |TAMS 0x0000000081f00000, 0x0000000081f00000| Untracked 
|   6|0x0000000082000000, 0x0000000082000000, 0x0000000082100000|  0%| F|  |TAMS 0x0000000082000000, 0x0000000082000000| Untracked 
|   7|0x0000000082100000, 0x0000000082100000, 0x0000000082200000|  0%| F|  |TAMS 0x0000000082100000, 0x0000000082100000| Untracked 
|   8|0x0000000082200000, 0x0000000082200000, 0x0000000082300000|  0%| F|  |TAMS 0x0000000082200000, 0x0000000082200000| Untracked 
|   9|0x0000000082300000, 0x0000000082300000, 0x0000000082400000|  0%| F|  |TAMS 0x0000000082300000, 0x0000000082300000| Untracked 
|  10|0x0000000082400000, 0x0000000082400000, 0x0000000082500000|  0%| F|  |TAMS 0x0000000082400000, 0x0000000082400000| Untracked 
|  11|0x0000000082500000, 0x0000000082500000, 0x0000000082600000|  0%| F|  |TAMS 0x0000000082500000, 0x0000000082500000| Untracked 
|  12|0x0000000082600000, 0x0000000082600000, 0x0000000082700000|  0%| F|  |TAMS 0x0000000082600000, 0x0000000082600000| Untracked 
|  13|0x0000000082700000, 0x0000000082700000, 0x0000000082800000|  0%| F|  |TAMS 0x0000000082700000, 0x0000000082700000| Untracked 
|  14|0x0000000082800000, 0x0000000082800000, 0x0000000082900000|  0%| F|  |TAMS 0x0000000082800000, 0x0000000082800000| Untracked 
|  15|0x0000000082900000, 0x0000000082900000, 0x0000000082a00000|  0%| F|  |TAMS 0x0000000082900000, 0x0000000082900000| Untracked 
|  16|0x0000000082a00000, 0x0000000082a00000, 0x0000000082b00000|  0%| F|  |TAMS 0x0000000082a00000, 0x0000000082a00000| Untracked 
|  17|0x0000000082b00000, 0x0000000082b00000, 0x0000000082c00000|  0%| F|  |TAMS 0x0000000082b00000, 0x0000000082b00000| Untracked 
|  18|0x0000000082c00000, 0x0000000082c00000, 0x0000000082d00000|  0%| F|  |TAMS 0x0000000082c00000, 0x0000000082c00000| Untracked 
|  19|0x0000000082d00000, 0x0000000082d00000, 0x0000000082e00000|  0%| F|  |TAMS 0x0000000082d00000, 0x0000000082d00000| Untracked 
|  20|0x0000000082e00000, 0x0000000082e00000, 0x0000000082f00000|  0%| F|  |TAMS 0x0000000082e00000, 0x0000000082e00000| Untracked 
|  21|0x0000000082f00000, 0x0000000082f00000, 0x0000000083000000|  0%| F|  |TAMS 0x0000000082f00000, 0x0000000082f00000| Untracked 
|  22|0x0000000083000000, 0x0000000083000000, 0x0000000083100000|  0%| F|  |TAMS 0x0000000083000000, 0x0000000083000000| Untracked 
|  23|0x0000000083100000, 0x0000000083100000, 0x0000000083200000|  0%| F|  |TAMS 0x0000000083100000, 0x0000000083100000| Untracked 
|  24|0x0000000083200000, 0x0000000083200000, 0x0000000083300000|  0%| F|  |TAMS 0x0000000083200000, 0x0000000083200000| Untracked 
|  25|0x0000000083300000, 0x0000000083300000, 0x0000000083400000|  0%| F|  |TAMS 0x0000000083300000, 0x0000000083300000| Untracked 
|  26|0x0000000083400000, 0x0000000083400000, 0x0000000083500000|  0%| F|  |TAMS 0x0000000083400000, 0x0000000083400000| Untracked 
|  27|0x0000000083500000, 0x0000000083500000, 0x0000000083600000|  0%| F|  |TAMS 0x0000000083500000, 0x0000000083500000| Untracked 
|  28|0x0000000083600000, 0x0000000083600000, 0x0000000083700000|  0%| F|  |TAMS 0x0000000083600000, 0x0000000083600000| Untracked 
|  29|0x0000000083700000, 0x0000000083700000, 0x0000000083800000|  0%| F|  |TAMS 0x0000000083700000, 0x0000000083700000| Untracked 
|  30|0x0000000083800000, 0x0000000083800000, 0x0000000083900000|  0%| F|  |TAMS 0x0000000083800000, 0x0000000083800000| Untracked 
|  31|0x0000000083900000, 0x0000000083900000, 0x0000000083a00000|  0%| F|  |TAMS 0x0000000083900000, 0x0000000083900000| Untracked 
|  32|0x0000000083a00000, 0x0000000083a00000, 0x0000000083b00000|  0%| F|  |TAMS 0x0000000083a00000, 0x0000000083a00000| Untracked 
|  33|0x0000000083b00000, 0x0000000083b00000, 0x0000000083c00000|  0%| F|  |TAMS 0x0000000083b00000, 0x0000000083b00000| Untracked 
|  34|0x0000000083c00000, 0x0000000083c00000, 0x0000000083d00000|  0%| F|  |TAMS 0x0000000083c00000, 0x0000000083c00000| Untracked 
|  35|0x0000000083d00000, 0x0000000083d00000, 0x0000000083e00000|  0%| F|  |TAMS 0x0000000083d00000, 0x0000000083d00000| Untracked 
|  36|0x0000000083e00000, 0x0000000083e00000, 0x0000000083f00000|  0%| F|  |TAMS 0x0000000083e00000, 0x0000000083e00000| Untracked 
|  37|0x0000000083f00000, 0x0000000083f00000, 0x0000000084000000|  0%| F|  |TAMS 0x0000000083f00000, 0x0000000083f00000| Untracked 
|  38|0x0000000084000000, 0x0000000084000000, 0x0000000084100000|  0%| F|  |TAMS 0x0000000084000000, 0x0000000084000000| Untracked 
|  39|0x0000000084100000, 0x0000000084100000, 0x0000000084200000|  0%| F|  |TAMS 0x0000000084100000, 0x0000000084100000| Untracked 
|  40|0x0000000084200000, 0x0000000084200000, 0x0000000084300000|  0%| F|  |TAMS 0x0000000084200000, 0x0000000084200000| Untracked 
|  41|0x0000000084300000, 0x0000000084300000, 0x0000000084400000|  0%| F|  |TAMS 0x0000000084300000, 0x0000000084300000| Untracked 
|  42|0x0000000084400000, 0x0000000084400000, 0x0000000084500000|  0%| F|  |TAMS 0x0000000084400000, 0x0000000084400000| Untracked 
|  43|0x0000000084500000, 0x0000000084500000, 0x0000000084600000|  0%| F|  |TAMS 0x0000000084500000, 0x0000000084500000| Untracked 
|  44|0x0000000084600000, 0x0000000084600000, 0x0000000084700000|  0%| F|  |TAMS 0x0000000084600000, 0x0000000084600000| Untracked 
|  45|0x0000000084700000, 0x0000000084700000, 0x0000000084800000|  0%| F|  |TAMS 0x0000000084700000, 0x0000000084700000| Untracked 
|  46|0x0000000084800000, 0x0000000084800000, 0x0000000084900000|  0%| F|  |TAMS 0x0000000084800000, 0x0000000084800000| Untracked 
|  47|0x0000000084900000, 0x0000000084900000, 0x0000000084a00000|  0%| F|  |TAMS 0x0000000084900000, 0x0000000084900000| Untracked 
|  48|0x0000000084a00000, 0x0000000084a00000, 0x0000000084b00000|  0%| F|  |TAMS 0x0000000084a00000, 0x0000000084a00000| Untracked 
|  49|0x0000000084b00000, 0x0000000084b00000, 0x0000000084c00000|  0%| F|  |TAMS 0x0000000084b00000, 0x0000000084b00000| Untracked 
|  50|0x0000000084c00000, 0x0000000084c00000, 0x0000000084d00000|  0%| F|  |TAMS 0x0000000084c00000, 0x0000000084c00000| Untracked 
|  51|0x0000000084d00000, 0x0000000084d00000, 0x0000000084e00000|  0%| F|  |TAMS 0x0000000084d00000, 0x0000000084d00000| Untracked 
|  52|0x0000000084e00000, 0x0000000084e00000, 0x0000000084f00000|  0%| F|  |TAMS 0x0000000084e00000, 0x0000000084e00000| Untracked 
|  53|0x0000000084f00000, 0x0000000084f00000, 0x0000000085000000|  0%| F|  |TAMS 0x0000000084f00000, 0x0000000084f00000| Untracked 
|  54|0x0000000085000000, 0x0000000085000000, 0x0000000085100000|  0%| F|  |TAMS 0x0000000085000000, 0x0000000085000000| Untracked 
|  55|0x0000000085100000, 0x0000000085100000, 0x0000000085200000|  0%| F|  |TAMS 0x0000000085100000, 0x0000000085100000| Untracked 
|  56|0x0000000085200000, 0x0000000085200000, 0x0000000085300000|  0%| F|  |TAMS 0x0000000085200000, 0x0000000085200000| Untracked 
|  57|0x0000000085300000, 0x0000000085300000, 0x0000000085400000|  0%| F|  |TAMS 0x0000000085300000, 0x0000000085300000| Untracked 
|  58|0x0000000085400000, 0x0000000085400000, 0x0000000085500000|  0%| F|  |TAMS 0x0000000085400000, 0x0000000085400000| Untracked 
|  59|0x0000000085500000, 0x0000000085500000, 0x0000000085600000|  0%| F|  |TAMS 0x0000000085500000, 0x0000000085500000| Untracked 
|  60|0x0000000085600000, 0x0000000085600000, 0x0000000085700000|  0%| F|  |TAMS 0x0000000085600000, 0x0000000085600000| Untracked 
|  61|0x0000000085700000, 0x0000000085700000, 0x0000000085800000|  0%| F|  |TAMS 0x0000000085700000, 0x0000000085700000| Untracked 
|  62|0x0000000085800000, 0x0000000085800000, 0x0000000085900000|  0%| F|  |TAMS 0x0000000085800000, 0x0000000085800000| Untracked 
|  63|0x0000000085900000, 0x0000000085900000, 0x0000000085a00000|  0%| F|  |TAMS 0x0000000085900000, 0x0000000085900000| Untracked 
|  64|0x0000000085a00000, 0x0000000085a00000, 0x0000000085b00000|  0%| F|  |TAMS 0x0000000085a00000, 0x0000000085a00000| Untracked 
|  65|0x0000000085b00000, 0x0000000085b00000, 0x0000000085c00000|  0%| F|  |TAMS 0x0000000085b00000, 0x0000000085b00000| Untracked 
|  66|0x0000000085c00000, 0x0000000085c00000, 0x0000000085d00000|  0%| F|  |TAMS 0x0000000085c00000, 0x0000000085c00000| Untracked 
|  67|0x0000000085d00000, 0x0000000085d00000, 0x0000000085e00000|  0%| F|  |TAMS 0x0000000085d00000, 0x0000000085d00000| Untracked 
|  68|0x0000000085e00000, 0x0000000085e00000, 0x0000000085f00000|  0%| F|  |TAMS 0x0000000085e00000, 0x0000000085e00000| Untracked 
|  69|0x0000000085f00000, 0x0000000085f00000, 0x0000000086000000|  0%| F|  |TAMS 0x0000000085f00000, 0x0000000085f00000| Untracked 
|  70|0x0000000086000000, 0x0000000086000000, 0x0000000086100000|  0%| F|  |TAMS 0x0000000086000000, 0x0000000086000000| Untracked 
|  71|0x0000000086100000, 0x0000000086100000, 0x0000000086200000|  0%| F|  |TAMS 0x0000000086100000, 0x0000000086100000| Untracked 
|  72|0x0000000086200000, 0x0000000086200000, 0x0000000086300000|  0%| F|  |TAMS 0x0000000086200000, 0x0000000086200000| Untracked 
|  73|0x0000000086300000, 0x0000000086300000, 0x0000000086400000|  0%| F|  |TAMS 0x0000000086300000, 0x0000000086300000| Untracked 
|  74|0x0000000086400000, 0x0000000086400000, 0x0000000086500000|  0%| F|  |TAMS 0x0000000086400000, 0x0000000086400000| Untracked 
|  75|0x0000000086500000, 0x0000000086500000, 0x0000000086600000|  0%| F|  |TAMS 0x0000000086500000, 0x0000000086500000| Untracked 
|  76|0x0000000086600000, 0x0000000086600000, 0x0000000086700000|  0%| F|  |TAMS 0x0000000086600000, 0x0000000086600000| Untracked 
|  77|0x0000000086700000, 0x0000000086700000, 0x0000000086800000|  0%| F|  |TAMS 0x0000000086700000, 0x0000000086700000| Untracked 
|  78|0x0000000086800000, 0x0000000086800000, 0x0000000086900000|  0%| F|  |TAMS 0x0000000086800000, 0x0000000086800000| Untracked 
|  79|0x0000000086900000, 0x0000000086900000, 0x0000000086a00000|  0%| F|  |TAMS 0x0000000086900000, 0x0000000086900000| Untracked 
|  80|0x0000000086a00000, 0x0000000086a00000, 0x0000000086b00000|  0%| F|  |TAMS 0x0000000086a00000, 0x0000000086a00000| Untracked 
|  81|0x0000000086b00000, 0x0000000086b00000, 0x0000000086c00000|  0%| F|  |TAMS 0x0000000086b00000, 0x0000000086b00000| Untracked 
|  82|0x0000000086c00000, 0x0000000086c00000, 0x0000000086d00000|  0%| F|  |TAMS 0x0000000086c00000, 0x0000000086c00000| Untracked 
|  83|0x0000000086d00000, 0x0000000086d00000, 0x0000000086e00000|  0%| F|  |TAMS 0x0000000086d00000, 0x0000000086d00000| Untracked 
|  84|0x0000000086e00000, 0x0000000086e00000, 0x0000000086f00000|  0%| F|  |TAMS 0x0000000086e00000, 0x0000000086e00000| Untracked 
|  85|0x0000000086f00000, 0x0000000086f00000, 0x0000000087000000|  0%| F|  |TAMS 0x0000000086f00000, 0x0000000086f00000| Untracked 
|  86|0x0000000087000000, 0x0000000087000000, 0x0000000087100000|  0%| F|  |TAMS 0x0000000087000000, 0x0000000087000000| Untracked 
|  87|0x0000000087100000, 0x0000000087100000, 0x0000000087200000|  0%| F|  |TAMS 0x0000000087100000, 0x0000000087100000| Untracked 
|  88|0x0000000087200000, 0x0000000087200000, 0x0000000087300000|  0%| F|  |TAMS 0x0000000087200000, 0x0000000087200000| Untracked 
|  89|0x0000000087300000, 0x0000000087300000, 0x0000000087400000|  0%| F|  |TAMS 0x0000000087300000, 0x0000000087300000| Untracked 
|  90|0x0000000087400000, 0x0000000087400000, 0x0000000087500000|  0%| F|  |TAMS 0x0000000087400000, 0x0000000087400000| Untracked 
|  91|0x0000000087500000, 0x0000000087500000, 0x0000000087600000|  0%| F|  |TAMS 0x0000000087500000, 0x0000000087500000| Untracked 
|  92|0x0000000087600000, 0x0000000087600000, 0x0000000087700000|  0%| F|  |TAMS 0x0000000087600000, 0x0000000087600000| Untracked 
|  93|0x0000000087700000, 0x0000000087700000, 0x0000000087800000|  0%| F|  |TAMS 0x0000000087700000, 0x0000000087700000| Untracked 
|  94|0x0000000087800000, 0x0000000087800000, 0x0000000087900000|  0%| F|  |TAMS 0x0000000087800000, 0x0000000087800000| Untracked 
|  95|0x0000000087900000, 0x0000000087900000, 0x0000000087a00000|  0%| F|  |TAMS 0x0000000087900000, 0x0000000087900000| Untracked 
|  96|0x0000000087a00000, 0x0000000087a00000, 0x0000000087b00000|  0%| F|  |TAMS 0x0000000087a00000, 0x0000000087a00000| Untracked 
|  97|0x0000000087b00000, 0x0000000087b00000, 0x0000000087c00000|  0%| F|  |TAMS 0x0000000087b00000, 0x0000000087b00000| Untracked 
|  98|0x0000000087c00000, 0x0000000087c00000, 0x0000000087d00000|  0%| F|  |TAMS 0x0000000087c00000, 0x0000000087c00000| Untracked 
|  99|0x0000000087d00000, 0x0000000087d00000, 0x0000000087e00000|  0%| F|  |TAMS 0x0000000087d00000, 0x0000000087d00000| Untracked 
| 100|0x0000000087e00000, 0x0000000087e00000, 0x0000000087f00000|  0%| F|  |TAMS 0x0000000087e00000, 0x0000000087e00000| Untracked 
| 101|0x0000000087f00000, 0x0000000087f00000, 0x0000000088000000|  0%| F|  |TAMS 0x0000000087f00000, 0x0000000087f00000| Untracked 
| 102|0x0000000088000000, 0x0000000088000000, 0x0000000088100000|  0%| F|  |TAMS 0x0000000088000000, 0x0000000088000000| Untracked 
| 103|0x0000000088100000, 0x0000000088100000, 0x0000000088200000|  0%| F|  |TAMS 0x0000000088100000, 0x0000000088100000| Untracked 
| 104|0x0000000088200000, 0x0000000088200000, 0x0000000088300000|  0%| F|  |TAMS 0x0000000088200000, 0x0000000088200000| Untracked 
| 105|0x0000000088300000, 0x0000000088300000, 0x0000000088400000|  0%| F|  |TAMS 0x0000000088300000, 0x0000000088300000| Untracked 
| 106|0x0000000088400000, 0x0000000088400000, 0x0000000088500000|  0%| F|  |TAMS 0x0000000088400000, 0x0000000088400000| Untracked 
| 107|0x0000000088500000, 0x0000000088500000, 0x0000000088600000|  0%| F|  |TAMS 0x0000000088500000, 0x0000000088500000| Untracked 
| 108|0x0000000088600000, 0x0000000088600000, 0x0000000088700000|  0%| F|  |TAMS 0x0000000088600000, 0x0000000088600000| Untracked 
| 109|0x0000000088700000, 0x0000000088700000, 0x0000000088800000|  0%| F|  |TAMS 0x0000000088700000, 0x0000000088700000| Untracked 
| 110|0x0000000088800000, 0x0000000088800000, 0x0000000088900000|  0%| F|  |TAMS 0x0000000088800000, 0x0000000088800000| Untracked 
| 111|0x0000000088900000, 0x0000000088900000, 0x0000000088a00000|  0%| F|  |TAMS 0x0000000088900000, 0x0000000088900000| Untracked 
| 112|0x0000000088a00000, 0x0000000088a00000, 0x0000000088b00000|  0%| F|  |TAMS 0x0000000088a00000, 0x0000000088a00000| Untracked 
| 113|0x0000000088b00000, 0x0000000088b00000, 0x0000000088c00000|  0%| F|  |TAMS 0x0000000088b00000, 0x0000000088b00000| Untracked 
| 114|0x0000000088c00000, 0x0000000088c00000, 0x0000000088d00000|  0%| F|  |TAMS 0x0000000088c00000, 0x0000000088c00000| Untracked 
| 115|0x0000000088d00000, 0x0000000088d00000, 0x0000000088e00000|  0%| F|  |TAMS 0x0000000088d00000, 0x0000000088d00000| Untracked 
| 116|0x0000000088e00000, 0x0000000088e00000, 0x0000000088f00000|  0%| F|  |TAMS 0x0000000088e00000, 0x0000000088e00000| Untracked 
| 117|0x0000000088f00000, 0x0000000088f00000, 0x0000000089000000|  0%| F|  |TAMS 0x0000000088f00000, 0x0000000088f00000| Untracked 
| 118|0x0000000089000000, 0x0000000089000000, 0x0000000089100000|  0%| F|  |TAMS 0x0000000089000000, 0x0000000089000000| Untracked 
| 119|0x0000000089100000, 0x0000000089100000, 0x0000000089200000|  0%| F|  |TAMS 0x0000000089100000, 0x0000000089100000| Untracked 
| 120|0x0000000089200000, 0x0000000089200000, 0x0000000089300000|  0%| F|  |TAMS 0x0000000089200000, 0x0000000089200000| Untracked 
| 121|0x0000000089300000, 0x0000000089300000, 0x0000000089400000|  0%| F|  |TAMS 0x0000000089300000, 0x0000000089300000| Untracked 
| 122|0x0000000089400000, 0x00000000894f69b8, 0x0000000089500000| 96%| E|  |TAMS 0x0000000089400000, 0x0000000089400000| Complete 
| 123|0x0000000089500000, 0x0000000089600000, 0x0000000089600000|100%| E|CS|TAMS 0x0000000089500000, 0x0000000089500000| Complete 
| 124|0x0000000089600000, 0x0000000089700000, 0x0000000089700000|100%| E|CS|TAMS 0x0000000089600000, 0x0000000089600000| Complete 
| 125|0x0000000089700000, 0x0000000089800000, 0x0000000089800000|100%| E|CS|TAMS 0x0000000089700000, 0x0000000089700000| Complete 
| 126|0x0000000089800000, 0x0000000089900000, 0x0000000089900000|100%| E|CS|TAMS 0x0000000089800000, 0x0000000089800000| Complete 
| 127|0x0000000089900000, 0x0000000089a00000, 0x0000000089a00000|100%| E|CS|TAMS 0x0000000089900000, 0x0000000089900000| Complete 

Card table byte_map: [0x000001c3b3070000,0x000001c3b3470000] _byte_map_base: 0x000001c3b2c63000

Marking Bits (Prev, Next): (CMBitMap*) 0x000001c39935d808, (CMBitMap*) 0x000001c39935d840
 Prev Bits: [0x000001c3b3870000, 0x000001c3b5808000)
 Next Bits: [0x000001c3b5810000, 0x000001c3b77a8000)

Polling page: 0x000001c3994a0000

Metaspace:

Usage:
  Non-class:      8.27 MB capacity,     8.10 MB ( 98%) used,   161.28 KB (  2%) free+waste,     7.25 KB ( <1%) overhead. 
      Class:    844.00 KB capacity,   810.87 KB ( 96%) used,    30.26 KB (  4%) free+waste,     2.88 KB ( <1%) overhead. 
       Both:      9.09 MB capacity,     8.90 MB ( 98%) used,   191.54 KB (  2%) free+waste,    10.13 KB ( <1%) overhead. 

Virtual space:
  Non-class space:       10.00 MB reserved,       8.50 MB ( 85%) committed 
      Class space:        1.00 GB reserved,     896.00 KB ( <1%) committed 
             Both:        1.01 GB reserved,       9.38 MB ( <1%) committed 

Chunk freelists:
   Non-Class:  5.50 KB
       Class:  2.50 KB
        Both:  8.00 KB

CodeHeap 'non-profiled nmethods': size=120000Kb used=143Kb max_used=143Kb free=119856Kb
 bounds [0x000001c3ab410000, 0x000001c3ab680000, 0x000001c3b2940000]
CodeHeap 'profiled nmethods': size=120000Kb used=601Kb max_used=601Kb free=119398Kb
 bounds [0x000001c3a3ee0000, 0x000001c3a4150000, 0x000001c3ab410000]
CodeHeap 'non-nmethods': size=5760Kb used=1147Kb max_used=1164Kb free=4612Kb
 bounds [0x000001c3a3940000, 0x000001c3a3bb0000, 0x000001c3a3ee0000]
 total_blobs=809 nmethods=451 adapters=278
 compilation: enabled
              stopped_count=0, restarted_count=0
 full_count=0

Compilation events (10 events):
Event: 498.477 Thread 0x000001c3ba22e000  447       4       java.lang.StringBuilder::append (8 bytes)
Event: 498.477 Thread 0x000001c3ba23b000  448       3       org.eclipse.jdt.launching.internal.org.objectweb.asm.ClassReader::readUTF8 (23 bytes)
Event: 498.479 Thread 0x000001c3ba23b000 nmethod 448 0x000001c3a3f75590 code [0x000001c3a3f75760, 0x000001c3a3f75a08]
Event: 498.489 Thread 0x000001c3ba22e000 nmethod 447 0x000001c3ab432b90 code [0x000001c3ab432d40, 0x000001c3ab433458]
Event: 1193.878 Thread 0x000001c3ba23b000  449       3       org.eclipse.jdt.launching.internal.org.objectweb.asm.SymbolTable::hash (10 bytes)
Event: 1193.878 Thread 0x000001c3ba22e000  451       4       org.eclipse.jdt.launching.internal.org.objectweb.asm.ClassReader::readUnsignedShort (26 bytes)
Event: 1193.878 Thread 0x000001c3ba23b000 nmethod 449 0x000001c3a3f75b90 code [0x000001c3a3f75d40, 0x000001c3a3f75e68]
Event: 1193.878 Thread 0x000001c3ba23b000  450       3       org.eclipse.jdt.launching.internal.org.objectweb.asm.SymbolTable::addConstantUtf8 (20 bytes)
Event: 1193.880 Thread 0x000001c3ba23b000 nmethod 450 0x000001c3a3f75f90 code [0x000001c3a3f76160, 0x000001c3a3f764c8]
Event: 1193.881 Thread 0x000001c3ba22e000 nmethod 451 0x000001c3ab433910 code [0x000001c3ab433aa0, 0x000001c3ab433b98]

GC Heap History (0 events):
No events

Deoptimization events (2 events):
Event: 0.256 Thread 0x000001c39b49c000 Uncommon trap: reason=unstable_if action=reinterpret pc=0x000001c3ab41cc44 method=java.util.HashMap.putVal(ILjava/lang/Object;Ljava/lang/Object;ZZ)Ljava/lang/Object; @ 181 c2
Event: 0.346 Thread 0x000001c39b49c000 Uncommon trap: reason=unstable_if action=reinterpret pc=0x000001c3ab41d570 method=java.lang.String.isLatin1()Z @ 10 c2

Classes redefined (10 events):
Event: 73.107 Thread 0x000001c3ba1ee800 redefined class name=cursojava.executavel.ArryVetor, count=1
Event: 181.236 Thread 0x000001c3ba1ee800 redefined class name=cursojava.executavel.ArryVetor, count=2
Event: 233.005 Thread 0x000001c3ba1ee800 redefined class name=cursojava.executavel.ArryVetor, count=3
Event: 239.321 Thread 0x000001c3ba1ee800 redefined class name=cursojava.executavel.ArryVetor, count=4
Event: 248.746 Thread 0x000001c3ba1ee800 redefined class name=cursojava.executavel.ArryVetor, count=5
Event: 498.478 Thread 0x000001c3ba1ee800 redefined class name=cursojava.executavel.ArryVetor, count=6
Event: 1193.880 Thread 0x000001c3ba1ee800 redefined class name=cursojava.executavel.ArryVetor, count=7
Event: 1197.459 Thread 0x000001c3ba1ee800 redefined class name=cursojava.executavel.ArryVetor, count=8
Event: 1891.827 Thread 0x000001c3ba1ee800 redefined class name=cursojava.executavel.ArryVetor, count=9
Event: 1944.922 Thread 0x000001c3ba1ee800 redefined class name=cursojava.executavel.ArryVetor, count=10

Internal exceptions (0 events):
No events

Events (10 events):
Event: 2093.708 Executing VM operation: GetOwnedMonitorInfo done
Event: 2093.708 Executing VM operation: GetCurrentContendedMonitor
Event: 2093.708 Executing VM operation: GetCurrentContendedMonitor done
Event: 2093.809 Executing VM operation: GetFrameCount
Event: 2093.809 Executing VM operation: GetFrameCount done
Event: 2093.809 Executing VM operation: GetOwnedMonitorInfo
Event: 2093.809 Executing VM operation: GetOwnedMonitorInfo done
Event: 2093.809 Executing VM operation: GetCurrentContendedMonitor
Event: 2093.809 Executing VM operation: GetCurrentContendedMonitor done
Event: 2093.809 Executing VM operation: GetOrSetLocal


Dynamic libraries:
0x00007ff63b470000 - 0x00007ff63b47f000 	C:\Program Files\Java\jdk-11.0.11\bin\javaw.exe
0x00007ff82b070000 - 0x00007ff82b265000 	C:\Windows\SYSTEM32\ntdll.dll
0x00007ff81ffb0000 - 0x00007ff81ffc3000 	C:\Program Files\Avast Software\Avast\aswhook.dll
0x00007ff82af70000 - 0x00007ff82b02d000 	C:\Windows\System32\KERNEL32.DLL
0x00007ff828bd0000 - 0x00007ff828e98000 	C:\Windows\System32\KERNELBASE.dll
0x00007ff824a70000 - 0x00007ff824b00000 	C:\Windows\SYSTEM32\apphelp.dll
0x00007ff828ea0000 - 0x00007ff828fa0000 	C:\Windows\System32\ucrtbase.dll
0x00007ff81acd0000 - 0x00007ff81ace8000 	C:\Program Files\Java\jdk-11.0.11\bin\jli.dll
0x00007ff81acf0000 - 0x00007ff81ad05000 	C:\Program Files\Java\jdk-11.0.11\bin\VCRUNTIME140.dll
0x00007ff82a870000 - 0x00007ff82a91c000 	C:\Windows\System32\ADVAPI32.dll
0x00007ff82a7d0000 - 0x00007ff82a86e000 	C:\Windows\System32\msvcrt.dll
0x00007ff82a360000 - 0x00007ff82a3fb000 	C:\Windows\System32\sechost.dll
0x00007ff82a920000 - 0x00007ff82aa4b000 	C:\Windows\System32\RPCRT4.dll
0x00007ff82a630000 - 0x00007ff82a7d0000 	C:\Windows\System32\USER32.dll
0x00007ff828ba0000 - 0x00007ff828bc2000 	C:\Windows\System32\win32u.dll
0x00007ff8296c0000 - 0x00007ff8296ea000 	C:\Windows\System32\GDI32.dll
0x00007ff80f5c0000 - 0x00007ff80f85a000 	C:\Windows\WinSxS\amd64_microsoft.windows.common-controls_6595b64144ccf1df_6.0.19041.1052_none_60b8f8fd71f5e8cb\COMCTL32.dll
0x00007ff8289f0000 - 0x00007ff828afb000 	C:\Windows\System32\gdi32full.dll
0x00007ff828b00000 - 0x00007ff828b9d000 	C:\Windows\System32\msvcp_win.dll
0x00007ff821870000 - 0x00007ff82187a000 	C:\Windows\SYSTEM32\VERSION.dll
0x00007ff8291c0000 - 0x00007ff8291f0000 	C:\Windows\System32\IMM32.DLL
0x00007ff818360000 - 0x00007ff8183fb000 	C:\Program Files\Java\jdk-11.0.11\bin\msvcp140.dll
0x00007fffbc1c0000 - 0x00007fffbccbe000 	C:\Program Files\Java\jdk-11.0.11\bin\server\jvm.dll
0x00007ff82a350000 - 0x00007ff82a358000 	C:\Windows\System32\PSAPI.DLL
0x00007ff825bc0000 - 0x00007ff825bc9000 	C:\Windows\SYSTEM32\WSOCK32.dll
0x00007ff818650000 - 0x00007ff818677000 	C:\Windows\SYSTEM32\WINMM.dll
0x00007ff82a280000 - 0x00007ff82a2eb000 	C:\Windows\System32\WS2_32.dll
0x00007ff827070000 - 0x00007ff827082000 	C:\Windows\SYSTEM32\kernel.appcore.dll
0x00007ff826260000 - 0x00007ff826270000 	C:\Program Files\Java\jdk-11.0.11\bin\verify.dll
0x00007ff826d80000 - 0x00007ff826f64000 	C:\Windows\SYSTEM32\DBGHELP.DLL
0x00007ff825920000 - 0x00007ff82594c000 	C:\Windows\SYSTEM32\dbgcore.DLL
0x00007ff828960000 - 0x00007ff8289e3000 	C:\Windows\System32\bcryptPrimitives.dll
0x00007ff826230000 - 0x00007ff826258000 	C:\Program Files\Java\jdk-11.0.11\bin\java.dll
0x00007ff826220000 - 0x00007ff82622a000 	C:\Program Files\Java\jdk-11.0.11\bin\jimage.dll
0x00007ff81a420000 - 0x00007ff81a458000 	C:\Program Files\Java\jdk-11.0.11\bin\jdwp.dll
0x00007ff826200000 - 0x00007ff82620e000 	C:\Program Files\Java\jdk-11.0.11\bin\instrument.dll
0x00007ff826130000 - 0x00007ff826146000 	C:\Program Files\Java\jdk-11.0.11\bin\zip.dll
0x00007ff829b40000 - 0x00007ff82a27f000 	C:\Windows\System32\SHELL32.dll
0x00007ff826530000 - 0x00007ff826cc0000 	C:\Windows\SYSTEM32\windows.storage.dll
0x00007ff829780000 - 0x00007ff829ad5000 	C:\Windows\System32\combase.dll
0x00007ff828220000 - 0x00007ff82824c000 	C:\Windows\SYSTEM32\Wldp.dll
0x00007ff82aec0000 - 0x00007ff82af6e000 	C:\Windows\System32\SHCORE.dll
0x00007ff82a2f0000 - 0x00007ff82a345000 	C:\Windows\System32\shlwapi.dll
0x00007ff8286f0000 - 0x00007ff82870f000 	C:\Windows\SYSTEM32\profapi.dll
0x00007ff825280000 - 0x00007ff82528a000 	C:\Program Files\Java\jdk-11.0.11\bin\dt_socket.dll
0x00007ff827f90000 - 0x00007ff827ffa000 	C:\Windows\System32\mswsock.dll
0x00007ff827c70000 - 0x00007ff827d3c000 	C:\Windows\SYSTEM32\DNSAPI.dll
0x00007ff827c30000 - 0x00007ff827c6b000 	C:\Windows\SYSTEM32\IPHLPAPI.DLL
0x00007ff829770000 - 0x00007ff829778000 	C:\Windows\System32\NSI.dll
0x000000005f7c0000 - 0x000000005f7e6000 	C:\Program Files\Bonjour\mdnsNSP.dll
0x00007ff814350000 - 0x00007ff8143cf000 	C:\Windows\System32\fwpuclnt.dll
0x00007ff828fa0000 - 0x00007ff828fc7000 	C:\Windows\System32\bcrypt.dll
0x00007ff814440000 - 0x00007ff81444a000 	C:\Windows\System32\rasadhlp.dll
0x00007ff826110000 - 0x00007ff826129000 	C:\Program Files\Java\jdk-11.0.11\bin\net.dll
0x00007ff81e940000 - 0x00007ff81ea4b000 	C:\Windows\SYSTEM32\WINHTTP.dll
0x00007ff8260f0000 - 0x00007ff826102000 	C:\Program Files\Java\jdk-11.0.11\bin\nio.dll
0x00007ff8216c0000 - 0x00007ff8216e5000 	C:\Program Files\Java\jdk-11.0.11\bin\sunec.dll

dbghelp: loaded successfully - version: 4.0.5 - missing functions: none
symbol engine: initialized successfully - sym options: 0x614 - pdb path: .;C:\Program Files\Java\jdk-11.0.11\bin;C:\Windows\SYSTEM32;C:\Program Files\Avast Software\Avast;C:\Windows\WinSxS\amd64_microsoft.windows.common-controls_6595b64144ccf1df_6.0.19041.1052_none_60b8f8fd71f5e8cb;C:\Program Files\Java\jdk-11.0.11\bin\server;C:\Program Files\Bonjour

VM Arguments:
jvm_args: -agentlib:jdwp=transport=dt_socket,suspend=y,address=localhost:58089 -javaagent:C:\eclipse\configuration\org.eclipse.osgi\1301\0\.cp\lib\javaagent-shaded.jar -Dfile.encoding=Cp1252 
java_command: cursojava.executavel.ArryVetor
java_class_path (initial): C:\Users\Luciano Viana\git\Formacao-Java-Web-Full-Stack\bin
Launcher Type: SUN_STANDARD

[Global flags]
     intx CICompilerCount                          = 4                                         {product} {ergonomic}
     uint ConcGCThreads                            = 2                                         {product} {ergonomic}
     uint G1ConcRefinementThreads                  = 8                                         {product} {ergonomic}
   size_t G1HeapRegionSize                         = 1048576                                   {product} {ergonomic}
    uintx GCDrainStackTargetSize                   = 64                                        {product} {ergonomic}
   size_t InitialHeapSize                          = 134217728                                 {product} {ergonomic}
   size_t MarkStackSize                            = 4194304                                   {product} {ergonomic}
   size_t MaxHeapSize                              = 2120220672                                {product} {ergonomic}
   size_t MaxNewSize                               = 1271922688                                {product} {ergonomic}
   size_t MinHeapDeltaBytes                        = 1048576                                   {product} {ergonomic}
    uintx NonNMethodCodeHeapSize                   = 5836300                                {pd product} {ergonomic}
    uintx NonProfiledCodeHeapSize                  = 122910970                              {pd product} {ergonomic}
    uintx ProfiledCodeHeapSize                     = 122910970                              {pd product} {ergonomic}
    uintx ReservedCodeCacheSize                    = 251658240                              {pd product} {ergonomic}
     bool SegmentedCodeCache                       = true                                      {product} {ergonomic}
     bool UseCompressedClassPointers               = true                                 {lp64_product} {ergonomic}
     bool UseCompressedOops                        = true                                 {lp64_product} {ergonomic}
     bool UseG1GC                                  = true                                      {product} {ergonomic}
     bool UseLargePagesIndividualAllocation        = false                                  {pd product} {ergonomic}

Logging:
Log output configuration:
 #0: stdout all=warning uptime,level,tags
 #1: stderr all=off uptime,level,tags

Environment Variables:
JAVA_HOME=C:\Program Files\Java\jdk-11.0.11
JRE_HOME=C:\Program Files\Java\jre1.8.0_291
CLASSPATH=.;C:\Program Files\Java\jdk-11.0.11\lib;
PATH=C:/Program Files/Java/jdk-11.0.11/bin/server;C:/Program Files/Java/jdk-11.0.11/bin;C:\Program Files\Java\jdk;C:\Windows\system32;C:\Windows;C:\Windows\System32\Wbem;C:\Windows\System32\WindowsPowerShell\v1.0\;C:\Windows\System32\OpenSSH\;C:\Program Files (x86)\NVIDIA Corporation\PhysX\Common;C:\Program Files\NVIDIA Corporation\NVIDIA NvDLISR;C:\Program Files\Java\jdk-11.0.11\bin;C:\Program Files (x86)\Microsoft SQL Server\100\Tools\Binn\;C:\Program Files\Microsoft SQL Server\100\Tools\Binn\;C:\Program Files\Microsoft SQL Server\100\DTS\Binn\;C:\Program Files (x86)\Microsoft SQL Server\100\Tools\Binn\VSShell\Common7\IDE\;C:\Program Files (x86)\Microsoft SQL Server\100\DTS\Binn\;C:\Program Files\Git\cmd;C:\Users\Luciano Viana\AppData\Local\Microsoft\WindowsApps;C:\eclipse;
USERNAME=Luciano Viana
OS=Windows_NT
PROCESSOR_IDENTIFIER=Intel64 Family 6 Model 142 Stepping 12, GenuineIntel



---------------  S Y S T E M  ---------------

OS: Windows 10 , 64 bit Build 19041 (10.0.19041.1023)

CPU:total 8 (initial active 8) (4 cores per cpu, 2 threads per core) family 6 model 142 stepping 12 microcode 0xb8, cmov, cx8, fxsr, mmx, sse, sse2, sse3, ssse3, sse4.1, sse4.2, popcnt, avx, avx2, aes, clmul, erms, 3dnowpref, lzcnt, ht, tsc, tscinvbit, bmi1, bmi2, adx, fma

Memory: 4k page, system-wide physical 8083M (1320M free)
TotalPageFile size 15371M (AvailPageFile size 4692M)
current process WorkingSet (physical memory assigned to process): 46M, peak: 50M
current process commit charge ("private bytes"): 209M, peak: 214M

vm_info: Java HotSpot(TM) 64-Bit Server VM (11.0.11+9-LTS-194) for windows-amd64 JRE (11.0.11+9-LTS-194), built on Mar 18 2021 18:46:53 by "mach5one" with MS VC++ 15.9 (VS2017)

END.
